17:20:22.918835 RETX         1    1
17:20:22.957360 RETX         2    1
17:20:22.996409 RETX         3    1
17:20:24.026265 RETX         4    1
17:20:26.085547 RETX         5    1
17:20:27.127114 RETX         6    1
18:05:47.021467 RETX        52   52
18:05:47.034824 RETX        82   30
18:05:47.080941 RETX       110   28
18:05:47.085385 RETX       203   93
18:05:47.086101 RETX       222   19
18:57:54.594322 RETX        44   44
18:57:54.611801 RETX        85   41
18:57:54.617976 RETX       113   28
19:37:36.348744 RETX        73   73
19:37:36.368282 RETX        81    8
13:13:43.715368 RETX        36   36
17:12:44.459072 RETX        13   13
17:12:44.474312 RETX       104   91
17:12:44.493830 RETX       130   26
17:12:44.493871 RETX       137    7
17:42:08.362500 RETX         1    1
