13:30:59.707520 RETX        13   13
13:30:59.708136 RETX        50   37
13:30:59.711690 RETX       100   50
13:30:59.717572 RETX       163   63
13:30:59.722325 RETX       191   28
13:30:59.723153 RETX       239   48
13:30:59.727675 RETX       300   61
13:30:59.732562 RETX       305    5
13:30:59.733255 RETX       374   69
13:30:59.737936 RETX       387   13
13:30:59.738697 RETX       456   69
13:30:59.741508 RETX       469   13
13:30:59.742889 RETX       538   69
13:30:59.748115 RETX       573   35
13:30:59.749945 RETX       620   47
13:30:59.751945 RETX       656   36
13:30:59.752990 RETX       661    5
13:30:59.757703 RETX       679   18
13:30:59.762589 RETX       697   18
13:30:59.763381 RETX       710   13
13:30:59.768695 RETX       712    2
13:30:59.769286 RETX       736   24
13:30:59.771899 RETX       773   37
13:30:59.777984 RETX       823   50
13:30:59.782391 RETX       886   63
13:30:59.788091 RETX       899   13
13:30:59.788825 RETX       962   63
13:30:59.792906 RETX       988   26
13:30:59.793695 RETX      1038   50
13:30:59.798962 RETX      1039    1
13:30:59.799695 RETX      1101   62
13:30:59.803465 RETX      1135   34
13:30:59.804284 RETX      1176   41
13:30:59.809089 RETX      1230   54
13:30:59.813044 RETX      1234    4
13:30:59.813685 RETX      1297   63
13:30:59.820280 RETX      1309   12
13:30:59.820950 RETX      1373   64
13:30:59.823340 RETX      1383   10
13:30:59.824003 RETX      1431   48
13:30:59.828757 RETX      1436    5
13:30:59.829383 RETX      1492   56
13:30:59.832864 RETX      1494    2
13:30:59.833485 RETX      1561   67
13:30:59.839199 RETX      1575   14
13:30:59.839979 RETX      1641   66
13:30:59.843357 RETX      1644    3
13:30:59.844070 RETX      1720   76
13:30:59.849544 RETX      1740   20
13:30:59.850346 RETX      1809   69
13:30:59.852568 RETX      1823   14
13:30:59.853320 RETX      1886   63
13:30:59.859571 RETX      1893    7
13:30:59.861159 RETX      1962   69
13:30:59.863614 RETX      2031   69
13:30:59.864817 RETX      2044   13
13:30:59.868965 RETX      2070   26
13:30:59.873242 RETX      2109   39
13:30:59.879331 RETX      2161   52
13:30:59.883851 RETX      2162    1
13:30:59.884441 RETX      2226   64
13:30:59.889971 RETX      2239   13
13:30:59.890719 RETX      2303   64
13:30:59.894037 RETX      2333   30
13:30:59.894826 RETX      2380   47
13:30:59.899637 RETX      2440   60
13:30:59.904130 RETX      2450   10
13:30:59.904773 RETX      2513   63
13:30:59.910247 RETX      2525   12
13:30:59.910935 RETX      2589   64
13:30:59.914134 RETX      2602   13
13:30:59.915823 RETX      2666   64
13:30:59.920073 RETX      2730   64
13:30:59.921132 RETX      2743   13
13:30:59.924031 RETX      2769   26
13:30:59.929955 RETX      2808   39
13:30:59.934337 RETX      2815    7
13:30:59.934974 RETX      2860   45
13:30:59.940342 RETX      2866    6
13:30:59.940955 RETX      2918   52
13:30:59.944114 RETX      2920    2
13:30:59.944733 RETX      2983   63
13:30:59.949931 RETX      2994   11
13:30:59.950769 RETX      3059   65
13:30:59.953901 RETX      3074   15
13:30:59.954653 RETX      3137   63
13:30:59.959680 RETX      3144    7
13:30:59.960392 RETX      3213   69
13:30:59.964420 RETX      3226   13
13:30:59.965418 RETX      3295   69
13:30:59.969457 RETX      3320   25
13:30:59.970360 RETX      3377   57
13:30:59.976547 RETX      3390   13
13:30:59.977217 RETX      3435   45
13:30:59.980374 RETX      3493   58
13:30:59.982385 RETX      3505   12
13:30:59.983127 RETX      3554   49
13:30:59.985997 RETX      3559    5
13:30:59.986648 RETX      3616   57
13:30:59.988641 RETX      3617    1
13:30:59.989118 RETX      3640   23
13:30:59.991697 RETX      3676   36
13:30:59.994524 RETX      3679    3
13:30:59.995060 RETX      3725   46
13:30:59.997509 RETX      3784   59
13:30:59.999621 RETX      3794   10
13:31:00.000226 RETX      3840   46
13:31:00.003134 RETX      3899   59
13:31:00.007345 RETX      3925   26
13:31:00.008140 RETX      3971   46
13:31:00.016289 RETX      3984   13
13:31:00.017942 RETX      4074   90
13:31:00.020306 RETX      4131   57
13:31:00.021364 RETX      4177   46
13:31:00.028471 RETX      4190   13
13:31:00.030670 RETX      4302  112
13:31:00.033978 RETX      4414  112
13:31:00.035444 RETX      4427   13
13:31:00.043643 RETX      4440   13
13:31:00.043795 RETX      4453   13
13:31:00.044318 RETX      4474   21
13:31:00.046134 RETX      4485   11
13:31:00.046818 RETX      4500   15
13:31:00.049446 RETX      4528   28
13:31:00.051473 RETX      4559   31
13:31:00.055055 RETX      4577   18
13:31:00.055854 RETX      4603   26
13:31:00.061902 RETX      4616   13
13:31:00.061985 RETX      4629   13
13:31:00.063301 RETX      4692   63
13:31:00.065360 RETX      4731   39
13:31:00.066531 RETX      4768   37
13:31:00.104173 RETX      4781   13
13:31:00.105743 RETX      4892  111
13:31:00.105766 RETX      4893    1
13:31:00.131300 RETX      4942   49
13:31:00.132870 RETX      5017   75
13:31:00.141915 RETX      5030   13
13:31:00.142633 RETX      5043   13
13:31:00.156324 RETX      5056   13
13:31:00.157954 RETX      5140   84
13:31:00.175480 RETX      5153   13
13:31:00.177082 RETX      5176   23
13:31:00.189154 RETX      5189   13
13:31:00.189889 RETX      5234   45
13:31:00.193173 RETX      5255   21
13:31:00.194175 RETX      5292   37
13:31:00.199918 RETX      5305   13
13:31:00.200728 RETX      5324   19
13:31:00.203552 RETX      5356   32
13:31:00.205724 RETX      5376   20
13:31:00.206547 RETX      5401   25
13:31:00.209130 RETX      5414   13
13:31:00.209885 RETX      5439   25
13:31:00.216230 RETX      5452   13
13:31:00.216305 RETX      5465   13
13:31:00.217705 RETX      5540   75
13:31:00.219658 RETX      5603   63
13:31:00.221018 RETX      5628   25
13:31:00.225740 RETX      5641   13
13:31:00.227364 RETX      5685   44
13:31:00.234546 RETX      5698   13
13:31:00.235381 RETX      5726   28
13:31:00.238585 RETX      5767   41
13:31:00.261315 RETX      5771    4
