Udp-sender 20100130
Using mcast address 234.85.91.96
UDP sender for /var/images/Clonezilla/CE-Spring-2013-12-13/sda1 at 130.85.91.96 on eth2 
Broadcasting control to 224.0.0.1
New connection from 130.85.86.220  (#0) 00000009
New connection from 130.85.86.222  (#1) 00000009
Starting transfer: 00000009
Timeout notAnswered=[0,1] notReady=[0,1] nrAns=0 nrRead=0 nrPart=2 avg=10000
Timeout notAnswered=[0,1] notReady=[0,1] nrAns=0 nrRead=0 nrPart=2 avg=10000
Timeout notAnswered=[0,1] notReady=[0,1] nrAns=0 nrRead=0 nrPart=2 avg=10000
Timeout notAnswered=[0,1] notReady=[0,1] nrAns=0 nrRead=0 nrPart=2 avg=10000
Timeout notAnswered=[0,1] notReady=[0,1] nrAns=0 nrRead=0 nrPart=2 avg=10000
Timeout notAnswered=[0,1] notReady=[0,1] nrAns=0 nrRead=0 nrPart=2 avg=10000
Timeout notAnswered=[0,1] notReady=[0,1] nrAns=0 nrRead=0 nrPart=2 avg=10000
Timeout notAnswered=[0,1] notReady=[0,1] nrAns=0 nrRead=0 nrPart=2 avg=10000
Timeout notAnswered=[0,1] notReady=[0,1] nrAns=0 nrRead=0 nrPart=2 avg=10000
Timeout notAnswered=[0,1] notReady=[0,1] nrAns=0 nrRead=0 nrPart=2 avg=10000
Timeout notAnswered=[0,1] notReady=[0,1] nrAns=0 nrRead=0 nrPart=2 avg=10000
Timeout notAnswered=[0,1] notReady=[0,1] nrAns=0 nrRead=0 nrPart=2 avg=10000
Timeout notAnswered=[0,1] notReady=[0,1] nrAns=0 nrRead=0 nrPart=2 avg=10000
Timeout notAnswered=[0,1] notReady=[0,1] nrAns=0 nrRead=0 nrPart=2 avg=10000
Timeout notAnswered=[0,1] notReady=[0,1] nrAns=0 nrRead=0 nrPart=2 avg=10000
Timeout notAnswered=[0,1] notReady=[0,1] nrAns=0 nrRead=0 nrPart=2 avg=10000
Timeout notAnswered=[0,1] notReady=[0,1] nrAns=0 nrRead=0 nrPart=2 avg=10000
Timeout notAnswered=[0,1] notReady=[0,1] nrAns=0 nrRead=0 nrPart=2 avg=10000
Timeout notAnswered=[0,1] notReady=[0,1] nrAns=0 nrRead=0 nrPart=2 avg=10000
Timeout notAnswered=[0,1] notReady=[0,1] nrAns=0 nrRead=0 nrPart=2 avg=10000
Timeout notAnswered=[0,1] notReady=[0,1] nrAns=0 nrRead=0 nrPart=2 avg=10000
Timeout notAnswered=[0,1] notReady=[0,1] nrAns=0 nrRead=0 nrPart=2 avg=10000
Timeout notAnswered=[0,1] notReady=[0,1] nrAns=0 nrRead=0 nrPart=2 avg=10000
Timeout notAnswered=[0,1] notReady=[0,1] nrAns=0 nrRead=0 nrPart=2 avg=10000
Timeout notAnswered=[0,1] notReady=[0,1] nrAns=0 nrRead=0 nrPart=2 avg=10000
Timeout notAnswered=[0,1] notReady=[0,1] nrAns=0 nrRead=0 nrPart=2 avg=10000
Timeout notAnswered=[0,1] notReady=[0,1] nrAns=0 nrRead=0 nrPart=2 avg=10000
Timeout notAnswered=[0,1] notReady=[0,1] nrAns=0 nrRead=0 nrPart=2 avg=10000
Timeout notAnswered=[0,1] notReady=[0,1] nrAns=0 nrRead=0 nrPart=2 avg=10000
Timeout notAnswered=[0,1] notReady=[0,1] nrAns=0 nrRead=0 nrPart=2 avg=10000
Timeout notAnswered=[0,1] notReady=[0,1] nrAns=0 nrRead=0 nrPart=2 avg=10000
Timeout notAnswered=[0,1] notReady=[0,1] nrAns=0 nrRead=0 nrPart=2 avg=10000
Timeout notAnswered=[0,1] notReady=[0,1] nrAns=0 nrRead=0 nrPart=2 avg=10000
Dropping client #0 because of timeout
Disconnecting #0 (130.85.86.220)
Dropping client #1 because of timeout
Disconnecting #1 (130.85.86.222)
bytes=                re-xmits=0000000 (  0.0%) slice=0112 -   0
Transfer complete.

