Udp-sender 20100130
Using mcast address 234.85.91.96
UDP sender for /var/images/Clonezilla/CE-Spring-2013-12-13/sda3.ntfs-img at 130.85.91.96 on eth2 
Broadcasting control to 224.0.0.1
New connection from 130.85.86.220  (#0) 00000009
Starting transfer: 00000009
Timeout notAnswered=[0] notReady=[0] nrAns=0 nrRead=0 nrPart=1 avg=10000
Timeout notAnswered=[0] notReady=[0] nrAns=0 nrRead=0 nrPart=1 avg=10399
Timeout notAnswered=[0] notReady=[0] nrAns=0 nrRead=0 nrPart=1 avg=6342
Timeout notAnswered=[0] notReady=[0] nrAns=0 nrRead=0 nrPart=1 avg=6101
bytes=     652 288  re-xmits=0000000 (  0.0%) slice=0112 -   0
Timeout notAnswered=[0] notReady=[0] nrAns=0 nrRead=0 nrPart=1 avg=7522
Timeout notAnswered=[0] notReady=[0] nrAns=0 nrRead=0 nrPart=1 avg=6625
Timeout notAnswered=[0] notReady=[0] nrAns=0 nrRead=0 nrPart=1 avg=6728
Timeout notAnswered=[0] notReady=[0] nrAns=0 nrRead=0 nrPart=1 avg=6765
bytes=  1 304 576  re-xmits=0000000 (  0.0%) slice=0112 -   0
Timeout notAnswered=[0] notReady=[0] nrAns=0 nrRead=0 nrPart=1 avg=6685
Timeout notAnswered=[0] notReady=[0] nrAns=0 nrRead=0 nrPart=1 avg=6058
Timeout notAnswered=[0] notReady=[0] nrAns=0 nrRead=0 nrPart=1 avg=7528
Timeout notAnswered=[0] notReady=[0] nrAns=0 nrRead=0 nrPart=1 avg=5977
bytes=  1 956 864  re-xmits=0000000 (  0.0%) slice=0112 -   0
Timeout notAnswered=[0] notReady=[0] nrAns=0 nrRead=0 nrPart=1 avg=6796
Timeout notAnswered=[0] notReady=[0] nrAns=0 nrRead=0 nrPart=1 avg=6059
Timeout notAnswered=[0] notReady=[0] nrAns=0 nrRead=0 nrPart=1 avg=7527
Timeout notAnswered=[0] notReady=[0] nrAns=0 nrRead=0 nrPart=1 avg=6595
bytes=  2 609 152  re-xmits=0000000 (  0.0%) slice=0112 -   0
Timeout notAnswered=[0] notReady=[0] nrAns=0 nrRead=0 nrPart=1 avg=6719
Timeout notAnswered=[0] notReady=[0] nrAns=0 nrRead=0 nrPart=1 avg=6044
Timeout notAnswered=[0] notReady=[0] nrAns=0 nrRead=0 nrPart=1 avg=6117
Timeout notAnswered=[0] notReady=[0] nrAns=0 nrRead=0 nrPart=1 avg=6119
bytes=  3 261 440  re-xmits=0000000 (  0.0%) slice=0112 -   0
Timeout notAnswered=[0] notReady=[0] nrAns=0 nrRead=0 nrPart=1 avg=6120
Timeout notAnswered=[0] notReady=[0] nrAns=0 nrRead=0 nrPart=1 avg=6776
Timeout notAnswered=[0] notReady=[0] nrAns=0 nrRead=0 nrPart=1 avg=6707
Timeout notAnswered=[0] notReady=[0] nrAns=0 nrRead=0 nrPart=1 avg=6058
bytes=  3 913 728  re-xmits=0000000 (  0.0%) slice=0112 -   0
Timeout notAnswered=[0] notReady=[0] nrAns=0 nrRead=0 nrPart=1 avg=6794
Timeout notAnswered=[0] notReady=[0] nrAns=0 nrRead=0 nrPart=1 avg=6705
Timeout notAnswered=[0] notReady=[0] nrAns=0 nrRead=0 nrPart=1 avg=6716
Timeout notAnswered=[0] notReady=[0] nrAns=0 nrRead=0 nrPart=1 avg=5468
bytes=  4 566 016  re-xmits=0000000 (  0.0%) slice=0112 -   0
Timeout notAnswered=[0] notReady=[0] nrAns=0 nrRead=0 nrPart=1 avg=7598
Timeout notAnswered=[0] notReady=[0] nrAns=0 nrRead=0 nrPart=1 avg=6613
Timeout notAnswered=[0] notReady=[0] nrAns=0 nrRead=0 nrPart=1 avg=6067
Timeout notAnswered=[0] notReady=[0] nrAns=0 nrRead=0 nrPart=1 avg=6137
bytes=  5 218 304  re-xmits=0000000 (  0.0%) slice=0112 -   0
Timeout notAnswered=[0] notReady=[0] nrAns=0 nrRead=0 nrPart=1 avg=6116
Timeout notAnswered=[0] notReady=[0] nrAns=0 nrRead=0 nrPart=1 avg=6122
Timeout notAnswered=[0] notReady=[0] nrAns=0 nrRead=0 nrPart=1 avg=6790
Timeout notAnswered=[0] notReady=[0] nrAns=0 nrRead=0 nrPart=1 avg=6056
bytes=  5 870 592  re-xmits=0000000 (  0.0%) slice=0112 -   0
Timeout notAnswered=[0] notReady=[0] nrAns=0 nrRead=0 nrPart=1 avg=6134
Timeout notAnswered=[0] notReady=[0] nrAns=0 nrRead=0 nrPart=1 avg=6752
Timeout notAnswered=[0] notReady=[0] nrAns=0 nrRead=0 nrPart=1 avg=8216
Timeout notAnswered=[0] notReady=[0] nrAns=0 nrRead=0 nrPart=1 avg=6521
bytes=  6 522 880  re-xmits=0000000 (  0.0%) slice=0112 -   0
Timeout notAnswered=[0] notReady=[0] nrAns=0 nrRead=0 nrPart=1 avg=6071
Timeout notAnswered=[0] notReady=[0] nrAns=0 nrRead=0 nrPart=1 avg=6115
Timeout notAnswered=[0] notReady=[0] nrAns=0 nrRead=0 nrPart=1 avg=6789
Timeout notAnswered=[0] notReady=[0] nrAns=0 nrRead=0 nrPart=1 avg=6053
bytes=  7 175 168  re-xmits=0000000 (  0.0%) slice=0112 -   0
Timeout notAnswered=[0] notReady=[0] nrAns=0 nrRead=0 nrPart=1 avg=6127
Timeout notAnswered=[0] notReady=[0] nrAns=0 nrRead=0 nrPart=1 avg=7508
Timeout notAnswered=[0] notReady=[0] nrAns=0 nrRead=0 nrPart=1 avg=7340
Timeout notAnswered=[0] notReady=[0] nrAns=0 nrRead=0 nrPart=1 avg=6641
bytes=  7 827 456  re-xmits=0000000 (  0.0%) slice=0112 -   0
Timeout notAnswered=[0] notReady=[0] nrAns=0 nrRead=0 nrPart=1 avg=6724
Timeout notAnswered=[0] notReady=[0] nrAns=0 nrRead=0 nrPart=1 avg=6719
Timeout notAnswered=[0] notReady=[0] nrAns=0 nrRead=0 nrPart=1 avg=6713
Timeout notAnswered=[0] notReady=[0] nrAns=0 nrRead=0 nrPart=1 avg=6702
bytes=  8 479 744  re-xmits=0000000 (  0.0%) slice=0112 -   0
Timeout notAnswered=[0] notReady=[0] nrAns=0 nrRead=0 nrPart=1 avg=6706
Timeout notAnswered=[0] notReady=[0] nrAns=0 nrRead=0 nrPart=1 avg=6701
Timeout notAnswered=[0] notReady=[0] nrAns=0 nrRead=0 nrPart=1 avg=6058
Timeout notAnswered=[0] notReady=[0] nrAns=0 nrRead=0 nrPart=1 avg=7530
bytes=  9 132 032  re-xmits=0000000 (  0.0%) slice=0112 -   0
Timeout notAnswered=[0] notReady=[0] nrAns=0 nrRead=0 nrPart=1 avg=6628
Timeout notAnswered=[0] notReady=[0] nrAns=0 nrRead=0 nrPart=1 avg=7455
Timeout notAnswered=[0] notReady=[0] nrAns=0 nrRead=0 nrPart=1 avg=7343
Timeout notAnswered=[0] notReady=[0] nrAns=0 nrRead=0 nrPart=1 avg=7358
bytes=  9 784 320  re-xmits=0000000 (  0.0%) slice=0112 -   0
Timeout notAnswered=[0] notReady=[0] nrAns=0 nrRead=0 nrPart=1 avg=7357
Timeout notAnswered=[0] notReady=[0] nrAns=0 nrRead=0 nrPart=1 avg=7359
Timeout notAnswered=[0] notReady=[0] nrAns=0 nrRead=0 nrPart=1 avg=7363
Timeout notAnswered=[0] notReady=[0] nrAns=0 nrRead=0 nrPart=1 avg=7358
bytes= 10 436 608  re-xmits=0000000 (  0.0%) slice=0112 -   0
Timeout notAnswered=[0] notReady=[0] nrAns=0 nrRead=0 nrPart=1 avg=8505
Timeout notAnswered=[0] notReady=[0] nrAns=0 nrRead=0 nrPart=1 avg=7013
Timeout notAnswered=[0] notReady=[0] nrAns=0 nrRead=0 nrPart=1 avg=7400
Timeout notAnswered=[0] notReady=[0] nrAns=0 nrRead=0 nrPart=1 avg=7360
bytes= 11 088 896  re-xmits=0000000 (  0.0%) slice=0112 -   0
Timeout notAnswered=[0] notReady=[0] nrAns=0 nrRead=0 nrPart=1 avg=6641
Timeout notAnswered=[0] notReady=[0] nrAns=0 nrRead=0 nrPart=1 avg=7422
Timeout notAnswered=[0] notReady=[0] nrAns=0 nrRead=0 nrPart=1 avg=7343
Timeout notAnswered=[0] notReady=[0] nrAns=0 nrRead=0 nrPart=1 avg=5985
bytes= 11 741 184  re-xmits=0000000 (  0.0%) slice=0112 -   0
Timeout notAnswered=[0] notReady=[0] nrAns=0 nrRead=0 nrPart=1 avg=6797
Timeout notAnswered=[0] notReady=[0] nrAns=0 nrRead=0 nrPart=1 avg=6050
Timeout notAnswered=[0] notReady=[0] nrAns=0 nrRead=0 nrPart=1 avg=6793
Timeout notAnswered=[0] notReady=[0] nrAns=0 nrRead=0 nrPart=1 avg=6049
bytes= 12 393 472  re-xmits=0000000 (  0.0%) slice=0112 -   0
Timeout notAnswered=[0] notReady=[0] nrAns=0 nrRead=0 nrPart=1 avg=6794
Timeout notAnswered=[0] notReady=[0] nrAns=0 nrRead=0 nrPart=1 avg=6715
Timeout notAnswered=[0] notReady=[0] nrAns=0 nrRead=0 nrPart=1 avg=5464
Timeout notAnswered=[0] notReady=[0] nrAns=0 nrRead=0 nrPart=1 avg=7598
bytes= 13 045 760  re-xmits=0000000 (  0.0%) slice=0112 -   0
Timeout notAnswered=[0] notReady=[0] nrAns=0 nrRead=0 nrPart=1 avg=7339
Timeout notAnswered=[0] notReady=[0] nrAns=0 nrRead=0 nrPart=1 avg=5993
Timeout notAnswered=[0] notReady=[0] nrAns=0 nrRead=0 nrPart=1 avg=7540
Timeout notAnswered=[0] notReady=[0] nrAns=0 nrRead=0 nrPart=1 avg=5974
bytes= 13 698 048  re-xmits=0000000 (  0.0%) slice=0112 -   0
Timeout notAnswered=[0] notReady=[0] nrAns=0 nrRead=0 nrPart=1 avg=7545
Timeout notAnswered=[0] notReady=[0] nrAns=0 nrRead=0 nrPart=1 avg=6621
Timeout notAnswered=[0] notReady=[0] nrAns=0 nrRead=0 nrPart=1 avg=6729
Timeout notAnswered=[0] notReady=[0] nrAns=0 nrRead=0 nrPart=1 avg=6714
bytes= 14 350 336  re-xmits=0000000 (  0.0%) slice=0112 -   0
Timeout notAnswered=[0] notReady=[0] nrAns=0 nrRead=0 nrPart=1 avg=6062
Timeout notAnswered=[0] notReady=[0] nrAns=0 nrRead=0 nrPart=1 avg=6092
Timeout notAnswered=[0] notReady=[0] nrAns=0 nrRead=0 nrPart=1 avg=7515
Timeout notAnswered=[0] notReady=[0] nrAns=0 nrRead=0 nrPart=1 avg=6615
bytes= 15 002 624  re-xmits=0000000 (  0.0%) slice=0112 -   0
Timeout notAnswered=[0] notReady=[0] nrAns=0 nrRead=0 nrPart=1 avg=6060
Timeout notAnswered=[0] notReady=[0] nrAns=0 nrRead=0 nrPart=1 avg=6777
Timeout notAnswered=[0] notReady=[0] nrAns=0 nrRead=0 nrPart=1 avg=6045
Timeout notAnswered=[0] notReady=[0] nrAns=0 nrRead=0 nrPart=1 avg=6125
bytes= 15 654 912  re-xmits=0000000 (  0.0%) slice=0112 -   0
Timeout notAnswered=[0] notReady=[0] nrAns=0 nrRead=0 nrPart=1 avg=6119
Timeout notAnswered=[0] notReady=[0] nrAns=0 nrRead=0 nrPart=1 avg=6118
Timeout notAnswered=[0] notReady=[0] nrAns=0 nrRead=0 nrPart=1 avg=7521
Timeout notAnswered=[0] notReady=[0] nrAns=0 nrRead=0 nrPart=1 avg=7349
bytes= 16 307 200  re-xmits=0000000 (  0.0%) slice=0112 -   0
Timeout notAnswered=[0] notReady=[0] nrAns=0 nrRead=0 nrPart=1 avg=6647
Timeout notAnswered=[0] notReady=[0] nrAns=0 nrRead=0 nrPart=1 avg=6064
Timeout notAnswered=[0] notReady=[0] nrAns=0 nrRead=0 nrPart=1 avg=7528
Timeout notAnswered=[0] notReady=[0] nrAns=0 nrRead=0 nrPart=1 avg=5979
bytes= 16 959 488  re-xmits=0000000 (  0.0%) slice=0112 -   0
Timeout notAnswered=[0] notReady=[0] nrAns=0 nrRead=0 nrPart=1 avg=6802
Timeout notAnswered=[0] notReady=[0] nrAns=0 nrRead=0 nrPart=1 avg=6057
Timeout notAnswered=[0] notReady=[0] nrAns=0 nrRead=0 nrPart=1 avg=6134
Timeout notAnswered=[0] notReady=[0] nrAns=0 nrRead=0 nrPart=1 avg=6124
bytes= 17 611 776  re-xmits=0000000 (  0.0%) slice=0112 -   0
Timeout notAnswered=[0] notReady=[0] nrAns=0 nrRead=0 nrPart=1 avg=6127
Timeout notAnswered=[0] notReady=[0] nrAns=0 nrRead=0 nrPart=1 avg=6126
Timeout notAnswered=[0] notReady=[0] nrAns=0 nrRead=0 nrPart=1 avg=6090
Timeout notAnswered=[0] notReady=[0] nrAns=0 nrRead=0 nrPart=1 avg=6776
bytes= 18 264 064  re-xmits=0000000 (  0.0%) slice=0112 -   0
Timeout notAnswered=[0] notReady=[0] nrAns=0 nrRead=0 nrPart=1 avg=7434
Timeout notAnswered=[0] notReady=[0] nrAns=0 nrRead=0 nrPart=1 avg=6629
Timeout notAnswered=[0] notReady=[0] nrAns=0 nrRead=0 nrPart=1 avg=6069
Timeout notAnswered=[0] notReady=[0] nrAns=0 nrRead=0 nrPart=1 avg=6125
bytes= 18 916 352  re-xmits=0000000 (  0.0%) slice=0112 -   0
Timeout notAnswered=[0] notReady=[0] nrAns=0 nrRead=0 nrPart=1 avg=6780
Timeout notAnswered=[0] notReady=[0] nrAns=0 nrRead=0 nrPart=1 avg=6709
Timeout notAnswered=[0] notReady=[0] nrAns=0 nrRead=0 nrPart=1 avg=6718
Timeout notAnswered=[0] notReady=[0] nrAns=0 nrRead=0 nrPart=1 avg=6713
bytes= 19 568 640  re-xmits=0000000 (  0.0%) slice=0112 -   0
Timeout notAnswered=[0] notReady=[0] nrAns=0 nrRead=0 nrPart=1 avg=6060
Timeout notAnswered=[0] notReady=[0] nrAns=0 nrRead=0 nrPart=1 avg=6788
Timeout notAnswered=[0] notReady=[0] nrAns=0 nrRead=0 nrPart=1 avg=6056
Timeout notAnswered=[0] notReady=[0] nrAns=0 nrRead=0 nrPart=1 avg=6795
bytes= 20 220 928  re-xmits=0000000 (  0.0%) slice=0112 -   0
Timeout notAnswered=[0] notReady=[0] nrAns=0 nrRead=0 nrPart=1 avg=6707
Timeout notAnswered=[0] notReady=[0] nrAns=0 nrRead=0 nrPart=1 avg=6716
Timeout notAnswered=[0] notReady=[0] nrAns=0 nrRead=0 nrPart=1 avg=6067
Timeout notAnswered=[0] notReady=[0] nrAns=0 nrRead=0 nrPart=1 avg=6796
bytes= 20 873 216  re-xmits=0000000 (  0.0%) slice=0112 -   0
Timeout notAnswered=[0] notReady=[0] nrAns=0 nrRead=0 nrPart=1 avg=6018
Timeout notAnswered=[0] notReady=[0] nrAns=0 nrRead=0 nrPart=1 avg=6780
Timeout notAnswered=[0] notReady=[0] nrAns=0 nrRead=0 nrPart=1 avg=7423
Timeout notAnswered=[0] notReady=[0] nrAns=0 nrRead=0 nrPart=1 avg=6627
bytes= 21 525 504  re-xmits=0000000 (  0.0%) slice=0112 -   0
Timeout notAnswered=[0] notReady=[0] nrAns=0 nrRead=0 nrPart=1 avg=6732
Timeout notAnswered=[0] notReady=[0] nrAns=0 nrRead=0 nrPart=1 avg=6707
Timeout notAnswered=[0] notReady=[0] nrAns=0 nrRead=0 nrPart=1 avg=6061
Timeout notAnswered=[0] notReady=[0] nrAns=0 nrRead=0 nrPart=1 avg=6130
bytes= 22 177 792  re-xmits=0000000 (  0.0%) slice=0112 -   0
Timeout notAnswered=[0] notReady=[0] nrAns=0 nrRead=0 nrPart=1 avg=6783
Timeout notAnswered=[0] notReady=[0] nrAns=0 nrRead=0 nrPart=1 avg=6705
Timeout notAnswered=[0] notReady=[0] nrAns=0 nrRead=0 nrPart=1 avg=6717
Timeout notAnswered=[0] notReady=[0] nrAns=0 nrRead=0 nrPart=1 avg=7418
bytes= 22 830 080  re-xmits=0000000 (  0.0%) slice=0112 -   0
Timeout notAnswered=[0] notReady=[0] nrAns=0 nrRead=0 nrPart=1 avg=7350
Timeout notAnswered=[0] notReady=[0] nrAns=0 nrRead=0 nrPart=1 avg=7355
Timeout notAnswered=[0] notReady=[0] nrAns=0 nrRead=0 nrPart=1 avg=7359
Timeout notAnswered=[0] notReady=[0] nrAns=0 nrRead=0 nrPart=1 avg=7352
bytes= 23 482 368  re-xmits=0000000 (  0.0%) slice=0112 -   0
Timeout notAnswered=[0] notReady=[0] nrAns=0 nrRead=0 nrPart=1 avg=7361
Timeout notAnswered=[0] notReady=[0] nrAns=0 nrRead=0 nrPart=1 avg=7351
Timeout notAnswered=[0] notReady=[0] nrAns=0 nrRead=0 nrPart=1 avg=7355
Timeout notAnswered=[0] notReady=[0] nrAns=0 nrRead=0 nrPart=1 avg=7294
bytes= 24 134 656  re-xmits=0000000 (  0.0%) slice=0112 -   0
Timeout notAnswered=[0] notReady=[0] nrAns=0 nrRead=0 nrPart=1 avg=7367
Timeout notAnswered=[0] notReady=[0] nrAns=0 nrRead=0 nrPart=1 avg=7356
Timeout notAnswered=[0] notReady=[0] nrAns=0 nrRead=0 nrPart=1 avg=6635
Timeout notAnswered=[0] notReady=[0] nrAns=0 nrRead=0 nrPart=1 avg=7455
bytes= 24 786 944  re-xmits=0000000 (  0.0%) slice=0112 -   0
Timeout notAnswered=[0] notReady=[0] nrAns=0 nrRead=0 nrPart=1 avg=6639
Timeout notAnswered=[0] notReady=[0] nrAns=0 nrRead=0 nrPart=1 avg=7418
Timeout notAnswered=[0] notReady=[0] nrAns=0 nrRead=0 nrPart=1 avg=6664
Timeout notAnswered=[0] notReady=[0] nrAns=0 nrRead=0 nrPart=1 avg=6071
bytes= 25 439 232  re-xmits=0000000 (  0.0%) slice=0112 -   0
Timeout notAnswered=[0] notReady=[0] nrAns=0 nrRead=0 nrPart=1 avg=6751
Timeout notAnswered=[0] notReady=[0] nrAns=0 nrRead=0 nrPart=1 avg=6696
Timeout notAnswered=[0] notReady=[0] nrAns=0 nrRead=0 nrPart=1 avg=7445
Timeout notAnswered=[0] notReady=[0] nrAns=0 nrRead=0 nrPart=1 avg=6632
bytes= 26 091 520  re-xmits=0000000 (  0.0%) slice=0112 -   0
Timeout notAnswered=[0] notReady=[0] nrAns=0 nrRead=0 nrPart=1 avg=6723
Timeout notAnswered=[0] notReady=[0] nrAns=0 nrRead=0 nrPart=1 avg=6712
Timeout notAnswered=[0] notReady=[0] nrAns=0 nrRead=0 nrPart=1 avg=6062
Timeout notAnswered=[0] notReady=[0] nrAns=0 nrRead=0 nrPart=1 avg=6127
bytes= 26 743 808  re-xmits=0000000 (  0.0%) slice=0112 -   0
Timeout notAnswered=[0] notReady=[0] nrAns=0 nrRead=0 nrPart=1 avg=6787
Timeout notAnswered=[0] notReady=[0] nrAns=0 nrRead=0 nrPart=1 avg=6709
Timeout notAnswered=[0] notReady=[0] nrAns=0 nrRead=0 nrPart=1 avg=6058
Timeout notAnswered=[0] notReady=[0] nrAns=0 nrRead=0 nrPart=1 avg=6787
bytes= 27 396 096  re-xmits=0000000 (  0.0%) slice=0112 -   0
Timeout notAnswered=[0] notReady=[0] nrAns=0 nrRead=0 nrPart=1 avg=6053
Timeout notAnswered=[0] notReady=[0] nrAns=0 nrRead=0 nrPart=1 avg=6129
Timeout notAnswered=[0] notReady=[0] nrAns=0 nrRead=0 nrPart=1 avg=6121
Timeout notAnswered=[0] notReady=[0] nrAns=0 nrRead=0 nrPart=1 avg=6120
bytes= 28 048 384  re-xmits=0000000 (  0.0%) slice=0112 -   0
Timeout notAnswered=[0] notReady=[0] nrAns=0 nrRead=0 nrPart=1 avg=6783
Timeout notAnswered=[0] notReady=[0] nrAns=0 nrRead=0 nrPart=1 avg=7436
Timeout notAnswered=[0] notReady=[0] nrAns=0 nrRead=0 nrPart=1 avg=6633
Timeout notAnswered=[0] notReady=[0] nrAns=0 nrRead=0 nrPart=1 avg=6069
bytes= 28 700 672  re-xmits=0000000 (  0.0%) slice=0112 -   0
Timeout notAnswered=[0] notReady=[0] nrAns=0 nrRead=0 nrPart=1 avg=6127
Timeout notAnswered=[0] notReady=[0] nrAns=0 nrRead=0 nrPart=1 avg=6117
Timeout notAnswered=[0] notReady=[0] nrAns=0 nrRead=0 nrPart=1 avg=6119
Timeout notAnswered=[0] notReady=[0] nrAns=0 nrRead=0 nrPart=1 avg=6784
bytes= 29 352 960  re-xmits=0000000 (  0.0%) slice=0112 -   0
Timeout notAnswered=[0] notReady=[0] nrAns=0 nrRead=0 nrPart=1 avg=7438
Timeout notAnswered=[0] notReady=[0] nrAns=0 nrRead=0 nrPart=1 avg=6630
Timeout notAnswered=[0] notReady=[0] nrAns=0 nrRead=0 nrPart=1 avg=6068
Timeout notAnswered=[0] notReady=[0] nrAns=0 nrRead=0 nrPart=1 avg=7501
bytes= 30 005 248  re-xmits=0000000 (  0.0%) slice=0112 -   0
Timeout notAnswered=[0] notReady=[0] nrAns=0 nrRead=0 nrPart=1 avg=6635
Timeout notAnswered=[0] notReady=[0] nrAns=0 nrRead=0 nrPart=1 avg=6067
Timeout notAnswered=[0] notReady=[0] nrAns=0 nrRead=0 nrPart=1 avg=6787
Timeout notAnswered=[0] notReady=[0] nrAns=0 nrRead=0 nrPart=1 avg=6053
bytes= 30 657 536  re-xmits=0000000 (  0.0%) slice=0112 -   0
Timeout notAnswered=[0] notReady=[0] nrAns=0 nrRead=0 nrPart=1 avg=6128
Timeout notAnswered=[0] notReady=[0] nrAns=0 nrRead=0 nrPart=1 avg=6123
Timeout notAnswered=[0] notReady=[0] nrAns=0 nrRead=0 nrPart=1 avg=6127
Timeout notAnswered=[0] notReady=[0] nrAns=0 nrRead=0 nrPart=1 avg=6125
bytes= 31 309 824  re-xmits=0000000 (  0.0%) slice=0112 -   0
Timeout notAnswered=[0] notReady=[0] nrAns=0 nrRead=0 nrPart=1 avg=7491
Timeout notAnswered=[0] notReady=[0] nrAns=0 nrRead=0 nrPart=1 avg=6006
Timeout notAnswered=[0] notReady=[0] nrAns=0 nrRead=0 nrPart=1 avg=6140
Timeout notAnswered=[0] notReady=[0] nrAns=0 nrRead=0 nrPart=1 avg=6782
bytes= 31 962 112  re-xmits=0000000 (  0.0%) slice=0112 -   0
Timeout notAnswered=[0] notReady=[0] nrAns=0 nrRead=0 nrPart=1 avg=6677
Timeout notAnswered=[0] notReady=[0] nrAns=0 nrRead=0 nrPart=1 avg=6054
Timeout notAnswered=[0] notReady=[0] nrAns=0 nrRead=0 nrPart=1 avg=6816
Timeout notAnswered=[0] notReady=[0] nrAns=0 nrRead=0 nrPart=1 avg=6665
bytes= 32 614 400  re-xmits=0000000 (  0.0%) slice=0112 -   0
Timeout notAnswered=[0] notReady=[0] nrAns=0 nrRead=0 nrPart=1 avg=6721
Timeout notAnswered=[0] notReady=[0] nrAns=0 nrRead=0 nrPart=1 avg=8242
Timeout notAnswered=[0] notReady=[0] nrAns=0 nrRead=0 nrPart=1 avg=5898
Timeout notAnswered=[0] notReady=[0] nrAns=0 nrRead=0 nrPart=1 avg=7533
bytes= 33 266 688  re-xmits=0000000 (  0.0%) slice=0112 -   0
Timeout notAnswered=[0] notReady=[0] nrAns=0 nrRead=0 nrPart=1 avg=6619
Timeout notAnswered=[0] notReady=[0] nrAns=0 nrRead=0 nrPart=1 avg=6723
Timeout notAnswered=[0] notReady=[0] nrAns=0 nrRead=0 nrPart=1 avg=6046
Timeout notAnswered=[0] notReady=[0] nrAns=0 nrRead=0 nrPart=1 avg=6819
bytes= 33 918 976  re-xmits=0000000 (  0.0%) slice=0112 -   0
Timeout notAnswered=[0] notReady=[0] nrAns=0 nrRead=0 nrPart=1 avg=6683
Timeout notAnswered=[0] notReady=[0] nrAns=0 nrRead=0 nrPart=1 avg=6051
Timeout notAnswered=[0] notReady=[0] nrAns=0 nrRead=0 nrPart=1 avg=6778
Timeout notAnswered=[0] notReady=[0] nrAns=0 nrRead=0 nrPart=1 avg=7438
bytes= 34 571 264  re-xmits=0000000 (  0.0%) slice=0112 -   0
Timeout notAnswered=[0] notReady=[0] nrAns=0 nrRead=0 nrPart=1 avg=5438
Timeout notAnswered=[0] notReady=[0] nrAns=0 nrRead=0 nrPart=1 avg=7564
Timeout notAnswered=[0] notReady=[0] nrAns=0 nrRead=0 nrPart=1 avg=6612
Timeout notAnswered=[0] notReady=[0] nrAns=0 nrRead=0 nrPart=1 avg=6725
bytes= 35 223 552  re-xmits=0000000 (  0.0%) slice=0112 -   0
Timeout notAnswered=[0] notReady=[0] nrAns=0 nrRead=0 nrPart=1 avg=6053
Timeout notAnswered=[0] notReady=[0] nrAns=0 nrRead=0 nrPart=1 avg=6127
Timeout notAnswered=[0] notReady=[0] nrAns=0 nrRead=0 nrPart=1 avg=6783
Timeout notAnswered=[0] notReady=[0] nrAns=0 nrRead=0 nrPart=1 avg=6707
bytes= 35 875 840  re-xmits=0000000 (  0.0%) slice=0112 -   0
Timeout notAnswered=[0] notReady=[0] nrAns=0 nrRead=0 nrPart=1 avg=6062
Timeout notAnswered=[0] notReady=[0] nrAns=0 nrRead=0 nrPart=1 avg=7526
Timeout notAnswered=[0] notReady=[0] nrAns=0 nrRead=0 nrPart=1 avg=7346
Timeout notAnswered=[0] notReady=[0] nrAns=0 nrRead=0 nrPart=1 avg=7356
bytes= 36 528 128  re-xmits=0000000 (  0.0%) slice=0112 -   0
Timeout notAnswered=[0] notReady=[0] nrAns=0 nrRead=0 nrPart=1 avg=7355
Timeout notAnswered=[0] notReady=[0] nrAns=0 nrRead=0 nrPart=1 avg=7354
Timeout notAnswered=[0] notReady=[0] nrAns=0 nrRead=0 nrPart=1 avg=7361
Timeout notAnswered=[0] notReady=[0] nrAns=0 nrRead=0 nrPart=1 avg=7369
bytes= 37 180 416  re-xmits=0000000 (  0.0%) slice=0112 -   0
Timeout notAnswered=[0] notReady=[0] nrAns=0 nrRead=0 nrPart=1 avg=7364
Timeout notAnswered=[0] notReady=[0] nrAns=0 nrRead=0 nrPart=1 avg=7353
Timeout notAnswered=[0] notReady=[0] nrAns=0 nrRead=0 nrPart=1 avg=7360
Timeout notAnswered=[0] notReady=[0] nrAns=0 nrRead=0 nrPart=1 avg=7361
bytes= 37 832 704  re-xmits=0000000 (  0.0%) slice=0112 -   0
Timeout notAnswered=[0] notReady=[0] nrAns=0 nrRead=0 nrPart=1 avg=6632
Timeout notAnswered=[0] notReady=[0] nrAns=0 nrRead=0 nrPart=1 avg=6721
Timeout notAnswered=[0] notReady=[0] nrAns=0 nrRead=0 nrPart=1 avg=6083
Timeout notAnswered=[0] notReady=[0] nrAns=0 nrRead=0 nrPart=1 avg=6790
bytes= 38 484 992  re-xmits=0000000 (  0.0%) slice=0112 -   0
Timeout notAnswered=[0] notReady=[0] nrAns=0 nrRead=0 nrPart=1 avg=6056
Timeout notAnswered=[0] notReady=[0] nrAns=0 nrRead=0 nrPart=1 avg=7527
Timeout notAnswered=[0] notReady=[0] nrAns=0 nrRead=0 nrPart=1 avg=5979
Timeout notAnswered=[0] notReady=[0] nrAns=0 nrRead=0 nrPart=1 avg=6800
bytes= 39 137 280  re-xmits=0000000 (  0.0%) slice=0112 -   0
Timeout notAnswered=[0] notReady=[0] nrAns=0 nrRead=0 nrPart=1 avg=6708
Timeout notAnswered=[0] notReady=[0] nrAns=0 nrRead=0 nrPart=1 avg=6054
Timeout notAnswered=[0] notReady=[0] nrAns=0 nrRead=0 nrPart=1 avg=6128
Timeout notAnswered=[0] notReady=[0] nrAns=0 nrRead=0 nrPart=1 avg=6780
bytes= 39 789 568  re-xmits=0000000 (  0.0%) slice=0112 -   0
Timeout notAnswered=[0] notReady=[0] nrAns=0 nrRead=0 nrPart=1 avg=6053
Timeout notAnswered=[0] notReady=[0] nrAns=0 nrRead=0 nrPart=1 avg=6794
Timeout notAnswered=[0] notReady=[0] nrAns=0 nrRead=0 nrPart=1 avg=6707
Timeout notAnswered=[0] notReady=[0] nrAns=0 nrRead=0 nrPart=1 avg=7448
bytes= 40 441 856  re-xmits=0000000 (  0.0%) slice=0112 -   0
Timeout notAnswered=[0] notReady=[0] nrAns=0 nrRead=0 nrPart=1 avg=5404
Timeout notAnswered=[0] notReady=[0] nrAns=0 nrRead=0 nrPart=1 avg=7611
Timeout notAnswered=[0] notReady=[0] nrAns=0 nrRead=0 nrPart=1 avg=5970
Timeout notAnswered=[0] notReady=[0] nrAns=0 nrRead=0 nrPart=1 avg=6798
bytes= 41 094 144  re-xmits=0000000 (  0.0%) slice=0112 -   0
Timeout notAnswered=[0] notReady=[0] nrAns=0 nrRead=0 nrPart=1 avg=6056
Timeout notAnswered=[0] notReady=[0] nrAns=0 nrRead=0 nrPart=1 avg=6789
Timeout notAnswered=[0] notReady=[0] nrAns=0 nrRead=0 nrPart=1 avg=6710
Timeout notAnswered=[0] notReady=[0] nrAns=0 nrRead=0 nrPart=1 avg=6065
bytes= 41 746 432  re-xmits=0000000 (  0.0%) slice=0112 -   0
Timeout notAnswered=[0] notReady=[0] nrAns=0 nrRead=0 nrPart=1 avg=6130
Timeout notAnswered=[0] notReady=[0] nrAns=0 nrRead=0 nrPart=1 avg=6779
Timeout notAnswered=[0] notReady=[0] nrAns=0 nrRead=0 nrPart=1 avg=6709
Timeout notAnswered=[0] notReady=[0] nrAns=0 nrRead=0 nrPart=1 avg=6061
bytes= 42 398 720  re-xmits=0000000 (  0.0%) slice=0112 -   0
Timeout notAnswered=[0] notReady=[0] nrAns=0 nrRead=0 nrPart=1 avg=6781
Timeout notAnswered=[0] notReady=[0] nrAns=0 nrRead=0 nrPart=1 avg=6050
Timeout notAnswered=[0] notReady=[0] nrAns=0 nrRead=0 nrPart=1 avg=6128
Timeout notAnswered=[0] notReady=[0] nrAns=0 nrRead=0 nrPart=1 avg=6113
bytes= 43 051 008  re-xmits=0000000 (  0.0%) slice=0112 -   0
Timeout notAnswered=[0] notReady=[0] nrAns=0 nrRead=0 nrPart=1 avg=6116
Timeout notAnswered=[0] notReady=[0] nrAns=0 nrRead=0 nrPart=1 avg=6149
Timeout notAnswered=[0] notReady=[0] nrAns=0 nrRead=0 nrPart=1 avg=7471
Timeout notAnswered=[0] notReady=[0] nrAns=0 nrRead=0 nrPart=1 avg=6618
bytes= 43 703 296  re-xmits=0000000 (  0.0%) slice=0112 -   0
Timeout notAnswered=[0] notReady=[0] nrAns=0 nrRead=0 nrPart=1 avg=6061
Timeout notAnswered=[0] notReady=[0] nrAns=0 nrRead=0 nrPart=1 avg=6795
Timeout notAnswered=[0] notReady=[0] nrAns=0 nrRead=0 nrPart=1 avg=6701
Timeout notAnswered=[0] notReady=[0] nrAns=0 nrRead=0 nrPart=1 avg=6711
bytes= 44 355 584  re-xmits=0000000 (  0.0%) slice=0112 -   0
Timeout notAnswered=[0] notReady=[0] nrAns=0 nrRead=0 nrPart=1 avg=7441
Timeout notAnswered=[0] notReady=[0] nrAns=0 nrRead=0 nrPart=1 avg=6624
Timeout notAnswered=[0] notReady=[0] nrAns=0 nrRead=0 nrPart=1 avg=6058
Timeout notAnswered=[0] notReady=[0] nrAns=0 nrRead=0 nrPart=1 avg=6124
bytes= 45 007 872  re-xmits=0000000 (  0.0%) slice=0112 -   0
Timeout notAnswered=[0] notReady=[0] nrAns=0 nrRead=0 nrPart=1 avg=5521
Timeout notAnswered=[0] notReady=[0] nrAns=0 nrRead=0 nrPart=1 avg=6171
Timeout notAnswered=[0] notReady=[0] nrAns=0 nrRead=0 nrPart=1 avg=6138
Timeout notAnswered=[0] notReady=[0] nrAns=0 nrRead=0 nrPart=1 avg=6787
bytes= 45 660 160  re-xmits=0000000 (  0.0%) slice=0112 -   0
Timeout notAnswered=[0] notReady=[0] nrAns=0 nrRead=0 nrPart=1 avg=7438
Timeout notAnswered=[0] notReady=[0] nrAns=0 nrRead=0 nrPart=1 avg=6601
Timeout notAnswered=[0] notReady=[0] nrAns=0 nrRead=0 nrPart=1 avg=6719
Timeout notAnswered=[0] notReady=[0] nrAns=0 nrRead=0 nrPart=1 avg=6050
bytes= 46 312 448  re-xmits=0000000 (  0.0%) slice=0112 -   0
Timeout notAnswered=[0] notReady=[0] nrAns=0 nrRead=0 nrPart=1 avg=6822
Timeout notAnswered=[0] notReady=[0] nrAns=0 nrRead=0 nrPart=1 avg=7453
Timeout notAnswered=[0] notReady=[0] nrAns=0 nrRead=0 nrPart=1 avg=7300
Timeout notAnswered=[0] notReady=[0] nrAns=0 nrRead=0 nrPart=1 avg=7355
bytes= 46 964 736  re-xmits=0000000 (  0.0%) slice=0112 -   0
Timeout notAnswered=[0] notReady=[0] nrAns=0 nrRead=0 nrPart=1 avg=6644
Timeout notAnswered=[0] notReady=[0] nrAns=0 nrRead=0 nrPart=1 avg=6721
Timeout notAnswered=[0] notReady=[0] nrAns=0 nrRead=0 nrPart=1 avg=6708
Timeout notAnswered=[0] notReady=[0] nrAns=0 nrRead=0 nrPart=1 avg=7470
bytes= 47 617 024  re-xmits=0000000 (  0.0%) slice=0112 -   0
Timeout notAnswered=[0] notReady=[0] nrAns=0 nrRead=0 nrPart=1 avg=5955
Timeout notAnswered=[0] notReady=[0] nrAns=0 nrRead=0 nrPart=1 avg=6165
Timeout notAnswered=[0] notReady=[0] nrAns=0 nrRead=0 nrPart=1 avg=6745
Timeout notAnswered=[0] notReady=[0] nrAns=0 nrRead=0 nrPart=1 avg=6702
bytes= 48 269 312  re-xmits=0000000 (  0.0%) slice=0112 -   0
Timeout notAnswered=[0] notReady=[0] nrAns=0 nrRead=0 nrPart=1 avg=6052
Timeout notAnswered=[0] notReady=[0] nrAns=0 nrRead=0 nrPart=1 avg=7516
Timeout notAnswered=[0] notReady=[0] nrAns=0 nrRead=0 nrPart=1 avg=6628
Timeout notAnswered=[0] notReady=[0] nrAns=0 nrRead=0 nrPart=1 avg=6722
bytes= 48 921 600  re-xmits=0000000 (  0.0%) slice=0112 -   0
Timeout notAnswered=[0] notReady=[0] nrAns=0 nrRead=0 nrPart=1 avg=6718
Timeout notAnswered=[0] notReady=[0] nrAns=0 nrRead=0 nrPart=1 avg=6032
Timeout notAnswered=[0] notReady=[0] nrAns=0 nrRead=0 nrPart=1 avg=6126
Timeout notAnswered=[0] notReady=[0] nrAns=0 nrRead=0 nrPart=1 avg=6119
bytes= 49 573 888  re-xmits=0000000 (  0.0%) slice=0112 -   0
Timeout notAnswered=[0] notReady=[0] nrAns=0 nrRead=0 nrPart=1 avg=7498
Timeout notAnswered=[0] notReady=[0] nrAns=0 nrRead=0 nrPart=1 avg=7343
Timeout notAnswered=[0] notReady=[0] nrAns=0 nrRead=0 nrPart=1 avg=7357
Timeout notAnswered=[0] notReady=[0] nrAns=0 nrRead=0 nrPart=1 avg=7363
bytes= 50 226 176  re-xmits=0000000 (  0.0%) slice=0112 -   0
Timeout notAnswered=[0] notReady=[0] nrAns=0 nrRead=0 nrPart=1 avg=6678
Timeout notAnswered=[0] notReady=[0] nrAns=0 nrRead=0 nrPart=1 avg=7418
Timeout notAnswered=[0] notReady=[0] nrAns=0 nrRead=0 nrPart=1 avg=7348
Timeout notAnswered=[0] notReady=[0] nrAns=0 nrRead=0 nrPart=1 avg=7358
bytes= 50 878 464  re-xmits=0000000 (  0.0%) slice=0112 -   0
Timeout notAnswered=[0] notReady=[0] nrAns=0 nrRead=0 nrPart=1 avg=7358
Timeout notAnswered=[0] notReady=[0] nrAns=0 nrRead=0 nrPart=1 avg=6637
Timeout notAnswered=[0] notReady=[0] nrAns=0 nrRead=0 nrPart=1 avg=7450
Timeout notAnswered=[0] notReady=[0] nrAns=0 nrRead=0 nrPart=1 avg=6625
bytes= 51 530 752  re-xmits=0000000 (  0.0%) slice=0112 -   0
Timeout notAnswered=[0] notReady=[0] nrAns=0 nrRead=0 nrPart=1 avg=6068
Timeout notAnswered=[0] notReady=[0] nrAns=0 nrRead=0 nrPart=1 avg=6130
Timeout notAnswered=[0] notReady=[0] nrAns=0 nrRead=0 nrPart=1 avg=6779
Timeout notAnswered=[0] notReady=[0] nrAns=0 nrRead=0 nrPart=1 avg=6059
bytes= 52 183 040  re-xmits=0000000 (  0.0%) slice=0112 -   0
Timeout notAnswered=[0] notReady=[0] nrAns=0 nrRead=0 nrPart=1 avg=6792
Timeout notAnswered=[0] notReady=[0] nrAns=0 nrRead=0 nrPart=1 avg=6059
Timeout notAnswered=[0] notReady=[0] nrAns=0 nrRead=0 nrPart=1 avg=6121
Timeout notAnswered=[0] notReady=[0] nrAns=0 nrRead=0 nrPart=1 avg=6793
bytes= 52 835 328  re-xmits=0000000 (  0.0%) slice=0112 -   0
Timeout notAnswered=[0] notReady=[0] nrAns=0 nrRead=0 nrPart=1 avg=6047
Timeout notAnswered=[0] notReady=[0] nrAns=0 nrRead=0 nrPart=1 avg=6126
Timeout notAnswered=[0] notReady=[0] nrAns=0 nrRead=0 nrPart=1 avg=6110
Timeout notAnswered=[0] notReady=[0] nrAns=0 nrRead=0 nrPart=1 avg=6119
bytes= 53 487 616  re-xmits=0000000 (  0.0%) slice=0112 -   0
Timeout notAnswered=[0] notReady=[0] nrAns=0 nrRead=0 nrPart=1 avg=6790
Timeout notAnswered=[0] notReady=[0] nrAns=0 nrRead=0 nrPart=1 avg=6702
Timeout notAnswered=[0] notReady=[0] nrAns=0 nrRead=0 nrPart=1 avg=6068
Timeout notAnswered=[0] notReady=[0] nrAns=0 nrRead=0 nrPart=1 avg=6787
bytes= 54 139 904  re-xmits=0000000 (  0.0%) slice=0112 -   0
Timeout notAnswered=[0] notReady=[0] nrAns=0 nrRead=0 nrPart=1 avg=7440
Timeout notAnswered=[0] notReady=[0] nrAns=0 nrRead=0 nrPart=1 avg=6633
Timeout notAnswered=[0] notReady=[0] nrAns=0 nrRead=0 nrPart=1 avg=6721
Timeout notAnswered=[0] notReady=[0] nrAns=0 nrRead=0 nrPart=1 avg=6711
bytes= 54 792 192  re-xmits=0000000 (  0.0%) slice=0112 -   0
Timeout notAnswered=[0] notReady=[0] nrAns=0 nrRead=0 nrPart=1 avg=6722
Timeout notAnswered=[0] notReady=[0] nrAns=0 nrRead=0 nrPart=1 avg=6008
Timeout notAnswered=[0] notReady=[0] nrAns=0 nrRead=0 nrPart=1 avg=6791
Timeout notAnswered=[0] notReady=[0] nrAns=0 nrRead=0 nrPart=1 avg=6714
bytes= 55 444 480  re-xmits=0000000 (  0.0%) slice=0112 -   0
Timeout notAnswered=[0] notReady=[0] nrAns=0 nrRead=0 nrPart=1 avg=6719
Timeout notAnswered=[0] notReady=[0] nrAns=0 nrRead=0 nrPart=1 avg=6717
Timeout notAnswered=[0] notReady=[0] nrAns=0 nrRead=0 nrPart=1 avg=6066
Timeout notAnswered=[0] notReady=[0] nrAns=0 nrRead=0 nrPart=1 avg=6794
bytes= 56 096 768  re-xmits=0000000 (  0.0%) slice=0112 -   0
Timeout notAnswered=[0] notReady=[0] nrAns=0 nrRead=0 nrPart=1 avg=6712
Timeout notAnswered=[0] notReady=[0] nrAns=0 nrRead=0 nrPart=1 avg=6715
Timeout notAnswered=[0] notReady=[0] nrAns=0 nrRead=0 nrPart=1 avg=6031
Timeout notAnswered=[0] notReady=[0] nrAns=0 nrRead=0 nrPart=1 avg=6113
bytes= 56 749 056  re-xmits=0000000 (  0.0%) slice=0112 -   0
Timeout notAnswered=[0] notReady=[0] nrAns=0 nrRead=0 nrPart=1 avg=6814
Timeout notAnswered=[0] notReady=[0] nrAns=0 nrRead=0 nrPart=1 avg=6677
Timeout notAnswered=[0] notReady=[0] nrAns=0 nrRead=0 nrPart=1 avg=6727
Timeout notAnswered=[0] notReady=[0] nrAns=0 nrRead=0 nrPart=1 avg=6731
bytes= 57 401 344  re-xmits=0000025 (  0.0%) slice=0112 -   0
Timeout notAnswered=[0] notReady=[0] nrAns=0 nrRead=0 nrPart=1 avg=9286
Timeout notAnswered=[0] notReady=[0] nrAns=0 nrRead=0 nrPart=1 avg=11645
Timeout notAnswered=[0] notReady=[0] nrAns=0 nrRead=0 nrPart=1 avg=6907
bytes= 58 053 632  re-xmits=0000135 (  0.3%) slice=0112 -   0
Timeout notAnswered=[0] notReady=[0] nrAns=0 nrRead=0 nrPart=1 avg=16309
Timeout notAnswered=[0] notReady=[0] nrAns=0 nrRead=0 nrPart=1 avg=14243
bytes= 58 542 848  re-xmits=0000180 (  0.4%) slice=0112 -   0
Timeout notAnswered=[0] notReady=[0] nrAns=0 nrRead=0 nrPart=1 avg=6626
Timeout notAnswered=[0] notReady=[0] nrAns=0 nrRead=0 nrPart=1 avg=12197
Timeout notAnswered=[0] notReady=[0] nrAns=0 nrRead=0 nrPart=1 avg=6171
bytes= 59 195 136  re-xmits=0000270 (  0.6%) slice=0112 -   0
Timeout notAnswered=[0] notReady=[0] nrAns=0 nrRead=0 nrPart=1 avg=13015
Timeout notAnswered=[0] notReady=[0] nrAns=0 nrRead=0 nrPart=1 avg=10206
Timeout notAnswered=[0] notReady=[0] nrAns=0 nrRead=0 nrPart=1 avg=6295
bytes= 59 847 424  re-xmits=0000295 (  0.7%) slice=0112 -   0
Timeout notAnswered=[0] notReady=[0] nrAns=0 nrRead=0 nrPart=1 avg=9147
Timeout notAnswered=[0] notReady=[0] nrAns=0 nrRead=0 nrPart=1 avg=11677
Timeout notAnswered=[0] notReady=[0] nrAns=0 nrRead=0 nrPart=1 avg=6870
bytes= 60 499 712  re-xmits=0000360 (  0.8%) slice=0112 -   0
Timeout notAnswered=[0] notReady=[0] nrAns=0 nrRead=0 nrPart=1 avg=12145
Timeout notAnswered=[0] notReady=[0] nrAns=0 nrRead=0 nrPart=1 avg=6443
Timeout notAnswered=[0] notReady=[0] nrAns=0 nrRead=0 nrPart=1 avg=12261
Timeout notAnswered=[0] notReady=[0] nrAns=0 nrRead=0 nrPart=1 avg=6852
bytes= 61 315 072  re-xmits=0000365 (  0.8%) slice=0112 -   0
Timeout notAnswered=[0] notReady=[0] nrAns=0 nrRead=0 nrPart=1 avg=6703
Timeout notAnswered=[0] notReady=[0] nrAns=0 nrRead=0 nrPart=1 avg=6065
Timeout notAnswered=[0] notReady=[0] nrAns=0 nrRead=0 nrPart=1 avg=6795
Timeout notAnswered=[0] notReady=[0] nrAns=0 nrRead=0 nrPart=1 avg=7395
bytes= 61 967 360  re-xmits=0000365 (  0.8%) slice=0112 -   0
Timeout notAnswered=[0] notReady=[0] nrAns=0 nrRead=0 nrPart=1 avg=7350
Timeout notAnswered=[0] notReady=[0] nrAns=0 nrRead=0 nrPart=1 avg=5983
Timeout notAnswered=[0] notReady=[0] nrAns=0 nrRead=0 nrPart=1 avg=6121
Timeout notAnswered=[0] notReady=[0] nrAns=0 nrRead=0 nrPart=1 avg=6116
bytes= 62 619 648  re-xmits=0000365 (  0.8%) slice=0112 -   0
Timeout notAnswered=[0] notReady=[0] nrAns=0 nrRead=0 nrPart=1 avg=7450
Timeout notAnswered=[0] notReady=[0] nrAns=0 nrRead=0 nrPart=1 avg=7338
Timeout notAnswered=[0] notReady=[0] nrAns=0 nrRead=0 nrPart=1 avg=7354
Timeout notAnswered=[0] notReady=[0] nrAns=0 nrRead=0 nrPart=1 avg=6671
bytes= 63 271 936  re-xmits=0000365 (  0.8%) slice=0112 -   0
Timeout notAnswered=[0] notReady=[0] nrAns=0 nrRead=0 nrPart=1 avg=6696
Timeout notAnswered=[0] notReady=[0] nrAns=0 nrRead=0 nrPart=1 avg=7436
Timeout notAnswered=[0] notReady=[0] nrAns=0 nrRead=0 nrPart=1 avg=8413
bytes= 63 924 224  re-xmits=0000380 (  0.8%) slice=0112 -   0
Timeout notAnswered=[0] notReady=[0] nrAns=0 nrRead=0 nrPart=1 avg=11833
Timeout notAnswered=[0] notReady=[0] nrAns=0 nrRead=0 nrPart=1 avg=6691
Timeout notAnswered=[0] notReady=[0] nrAns=0 nrRead=0 nrPart=1 avg=7588
bytes= 64 576 512  re-xmits=0000417 (  0.9%) slice=0112 -   0
Timeout notAnswered=[0] notReady=[0] nrAns=0 nrRead=0 nrPart=1 avg=11938
Timeout notAnswered=[0] notReady=[0] nrAns=0 nrRead=0 nrPart=1 avg=6856
bytes= 65 065 728  re-xmits=0000519 (  1.1%) slice=0112 -   0
Timeout notAnswered=[0] notReady=[0] nrAns=0 nrRead=0 nrPart=1 avg=13858
Timeout notAnswered=[0] notReady=[0] nrAns=0 nrRead=0 nrPart=1 avg=11256
Timeout notAnswered=[0] notReady=[0] nrAns=0 nrRead=0 nrPart=1 avg=8416
Timeout notAnswered=[0] notReady=[0] nrAns=0 nrRead=0 nrPart=1 avg=5881
bytes= 65 718 016  re-xmits=0000519 (  1.1%) slice=0112 -   0
Timeout notAnswered=[0] notReady=[0] nrAns=0 nrRead=0 nrPart=1 avg=7551
Timeout notAnswered=[0] notReady=[0] nrAns=0 nrRead=0 nrPart=1 avg=6620
Timeout notAnswered=[0] notReady=[0] nrAns=0 nrRead=0 nrPart=1 avg=7456
Timeout notAnswered=[0] notReady=[0] nrAns=0 nrRead=0 nrPart=1 avg=6632
bytes= 66 370 304  re-xmits=0000519 (  1.1%) slice=0112 -   0
Timeout notAnswered=[0] notReady=[0] nrAns=0 nrRead=0 nrPart=1 avg=6728
Timeout notAnswered=[0] notReady=[0] nrAns=0 nrRead=0 nrPart=1 avg=6709
Timeout notAnswered=[0] notReady=[0] nrAns=0 nrRead=0 nrPart=1 avg=6055
Timeout notAnswered=[0] notReady=[0] nrAns=0 nrRead=0 nrPart=1 avg=7529
bytes= 67 022 592  re-xmits=0000519 (  1.1%) slice=0112 -   0
Timeout notAnswered=[0] notReady=[0] nrAns=0 nrRead=0 nrPart=1 avg=6625
Timeout notAnswered=[0] notReady=[0] nrAns=0 nrRead=0 nrPart=1 avg=9332
Timeout notAnswered=[0] notReady=[0] nrAns=0 nrRead=0 nrPart=1 avg=11614
bytes= 67 674 880  re-xmits=0000544 (  1.1%) slice=0112 -   0
Timeout notAnswered=[0] notReady=[0] nrAns=0 nrRead=0 nrPart=1 avg=6890
Timeout notAnswered=[0] notReady=[0] nrAns=0 nrRead=0 nrPart=1 avg=6695
Timeout notAnswered=[0] notReady=[0] nrAns=0 nrRead=0 nrPart=1 avg=7411
Timeout notAnswered=[0] notReady=[0] nrAns=0 nrRead=0 nrPart=1 avg=6669
bytes= 68 327 168  re-xmits=0000544 (  1.1%) slice=0112 -   0
Timeout notAnswered=[0] notReady=[0] nrAns=0 nrRead=0 nrPart=1 avg=8220
Timeout notAnswered=[0] notReady=[0] nrAns=0 nrRead=0 nrPart=1 avg=6531
Timeout notAnswered=[0] notReady=[0] nrAns=0 nrRead=0 nrPart=1 avg=6726
bytes= 68 816 384  re-xmits=0000580 (  1.2%) slice=0112 -   0
Timeout notAnswered=[0] notReady=[0] nrAns=0 nrRead=0 nrPart=1 avg=8680
Timeout notAnswered=[0] notReady=[0] nrAns=0 nrRead=0 nrPart=1 avg=11783
Timeout notAnswered=[0] notReady=[0] nrAns=0 nrRead=0 nrPart=1 avg=6998
Timeout notAnswered=[0] notReady=[0] nrAns=0 nrRead=0 nrPart=1 avg=7292
bytes= 69 631 744  re-xmits=0000580 (  1.2%) slice=0112 -   0
Timeout notAnswered=[0] notReady=[0] nrAns=0 nrRead=0 nrPart=1 avg=6639
Timeout notAnswered=[0] notReady=[0] nrAns=0 nrRead=0 nrPart=1 avg=6724
bytes= 70 120 960  re-xmits=0000708 (  1.4%) slice=0112 -   0
Timeout notAnswered=[0] notReady=[0] nrAns=0 nrRead=0 nrPart=1 avg=15274
Timeout notAnswered=[0] notReady=[0] nrAns=0 nrRead=0 nrPart=1 avg=8952
Timeout notAnswered=[0] notReady=[0] nrAns=0 nrRead=0 nrPart=1 avg=11709
bytes= 70 773 248  re-xmits=0000744 (  1.5%) slice=0112 -   0
Timeout notAnswered=[0] notReady=[0] nrAns=0 nrRead=0 nrPart=1 avg=6244
bytes= 71 099 392  re-xmits=0001014 (  2.0%) slice=0112 -   0
Timeout notAnswered=[0] notReady=[0] nrAns=0 nrRead=0 nrPart=1 avg=10134
Timeout notAnswered=[0] notReady=[0] nrAns=0 nrRead=0 nrPart=1 avg=11980
bytes= 71 588 608  re-xmits=0001526 (  3.1%) slice=0112 -   0
Timeout notAnswered=[0] notReady=[0] nrAns=0 nrRead=0 nrPart=1 avg=9290
bytes= 72 077 824  re-xmits=0001766 (  3.5%) slice=0112 -   0
Timeout notAnswered=[0] notReady=[0] nrAns=0 nrRead=0 nrPart=1 avg=12234
Timeout notAnswered=[0] notReady=[0] nrAns=0 nrRead=0 nrPart=1 avg=11325
bytes= 72 567 040  re-xmits=0002311 (  4.6%) slice=0112 -   0
Timeout notAnswered=[0] notReady=[0] nrAns=0 nrRead=0 nrPart=1 avg=12050
bytes= 72 893 184  re-xmits=0002591 (  5.1%) slice=0112 -   0
Timeout notAnswered=[0] notReady=[0] nrAns=0 nrRead=0 nrPart=1 avg=10852
bytes= 73 219 328  re-xmits=0002866 (  5.6%) slice=0112 -   0
Timeout notAnswered=[0] notReady=[0] nrAns=0 nrRead=0 nrPart=1 avg=12042
bytes= 73 545 472  re-xmits=0003151 (  6.2%) slice=0112 -   0
Timeout notAnswered=[0] notReady=[0] nrAns=0 nrRead=0 nrPart=1 avg=14437
bytes= 73 871 616  re-xmits=0003399 (  6.6%) slice=0112 -   0bytes= 74 197 760  re-xmits=0003603 (  7.0%) slice=0112 -   0
Timeout notAnswered=[0] notReady=[0] nrAns=0 nrRead=0 nrPart=1 avg=15374
bytes= 74 686 976  re-xmits=0003713 (  7.2%) slice=0112 -   0
Timeout notAnswered=[0] notReady=[0] nrAns=0 nrRead=0 nrPart=1 avg=15725
Timeout notAnswered=[0] notReady=[0] nrAns=0 nrRead=0 nrPart=1 avg=14113
Timeout notAnswered=[0] notReady=[0] nrAns=0 nrRead=0 nrPart=1 avg=11350
Timeout notAnswered=[0] notReady=[0] nrAns=0 nrRead=0 nrPart=1 avg=8398
bytes= 75 339 264  re-xmits=0003713 (  7.1%) slice=0112 -   0
Timeout notAnswered=[0] notReady=[0] nrAns=0 nrRead=0 nrPart=1 avg=7243
Timeout notAnswered=[0] notReady=[0] nrAns=0 nrRead=0 nrPart=1 avg=6007
Timeout notAnswered=[0] notReady=[0] nrAns=0 nrRead=0 nrPart=1 avg=6800
Timeout notAnswered=[0] notReady=[0] nrAns=0 nrRead=0 nrPart=1 avg=6703
bytes= 75 991 552  re-xmits=0003713 (  7.1%) slice=0112 -   0
Timeout notAnswered=[0] notReady=[0] nrAns=0 nrRead=0 nrPart=1 avg=6025
Timeout notAnswered=[0] notReady=[0] nrAns=0 nrRead=0 nrPart=1 avg=6786
Timeout notAnswered=[0] notReady=[0] nrAns=0 nrRead=0 nrPart=1 avg=6698
Timeout notAnswered=[0] notReady=[0] nrAns=0 nrRead=0 nrPart=1 avg=7439
bytes= 76 643 840  re-xmits=0003713 (  7.0%) slice=0112 -   0
Timeout notAnswered=[0] notReady=[0] nrAns=0 nrRead=0 nrPart=1 avg=6628
Timeout notAnswered=[0] notReady=[0] nrAns=0 nrRead=0 nrPart=1 avg=6053
Timeout notAnswered=[0] notReady=[0] nrAns=0 nrRead=0 nrPart=1 avg=6796
Timeout notAnswered=[0] notReady=[0] nrAns=0 nrRead=0 nrPart=1 avg=6048
bytes= 77 296 128  re-xmits=0003713 (  6.9%) slice=0112 -   0
Timeout notAnswered=[0] notReady=[0] nrAns=0 nrRead=0 nrPart=1 avg=6130
Timeout notAnswered=[0] notReady=[0] nrAns=0 nrRead=0 nrPart=1 avg=6117
Timeout notAnswered=[0] notReady=[0] nrAns=0 nrRead=0 nrPart=1 avg=7523
Timeout notAnswered=[0] notReady=[0] nrAns=0 nrRead=0 nrPart=1 avg=6626
bytes= 77 948 416  re-xmits=0003713 (  6.9%) slice=0112 -   0
Timeout notAnswered=[0] notReady=[0] nrAns=0 nrRead=0 nrPart=1 avg=6065
Timeout notAnswered=[0] notReady=[0] nrAns=0 nrRead=0 nrPart=1 avg=6792
Timeout notAnswered=[0] notReady=[0] nrAns=0 nrRead=0 nrPart=1 avg=6673
bytes= 78 437 632  re-xmits=0003755 (  6.9%) slice=0112 -   0
Timeout notAnswered=[0] notReady=[0] nrAns=0 nrRead=0 nrPart=1 avg=9365
Timeout notAnswered=[0] notReady=[0] nrAns=0 nrRead=0 nrPart=1 avg=11630
Timeout notAnswered=[0] notReady=[0] nrAns=0 nrRead=0 nrPart=1 avg=7620
Timeout notAnswered=[0] notReady=[0] nrAns=0 nrRead=0 nrPart=1 avg=7322
bytes= 79 252 992  re-xmits=0003755 (  6.8%) slice=0112 -   0
Timeout notAnswered=[0] notReady=[0] nrAns=0 nrRead=0 nrPart=1 avg=5997
Timeout notAnswered=[0] notReady=[0] nrAns=0 nrRead=0 nrPart=1 avg=6170
bytes= 79 742 208  re-xmits=0003970 (  7.2%) slice=0112 -   0
Timeout notAnswered=[0] notReady=[0] nrAns=0 nrRead=0 nrPart=1 avg=9422
bytes= 80 068 352  re-xmits=0004260 (  7.7%) slice=0112 -   0
Timeout notAnswered=[0] notReady=[0] nrAns=0 nrRead=0 nrPart=1 avg=9819
bytes= 80 394 496  re-xmits=0004555 (  8.2%) slice=0112 -   0
Timeout notAnswered=[0] notReady=[0] nrAns=0 nrRead=0 nrPart=1 avg=9014
bytes= 80 720 640  re-xmits=0004850 (  8.7%) slice=0112 -   0
Timeout notAnswered=[0] notReady=[0] nrAns=0 nrRead=0 nrPart=1 avg=9835
bytes= 81 046 784  re-xmits=0005145 (  9.2%) slice=0112 -   0
Timeout notAnswered=[0] notReady=[0] nrAns=0 nrRead=0 nrPart=1 avg=11859
Timeout notAnswered=[0] notReady=[0] nrAns=0 nrRead=0 nrPart=1 avg=12698
bytes= 81 536 000  re-xmits=0005693 ( 10.1%) slice=0112 -   0
Timeout notAnswered=[0] notReady=[0] nrAns=0 nrRead=0 nrPart=1 avg=10391
bytes= 81 862 144  re-xmits=0006028 ( 10.7%) slice=0112 -   0
Timeout notAnswered=[0] notReady=[0] nrAns=0 nrRead=0 nrPart=1 avg=11486
bytes= 82 351 360  re-xmits=0006248 ( 11.0%) slice=0112 -   0
Timeout notAnswered=[0] notReady=[0] nrAns=0 nrRead=0 nrPart=1 avg=8475
Timeout notAnswered=[0] notReady=[0] nrAns=0 nrRead=0 nrPart=1 avg=8259
bytes= 82 840 576  re-xmits=0006756 ( 11.8%) slice=0112 -   0
Timeout notAnswered=[0] notReady=[0] nrAns=0 nrRead=0 nrPart=1 avg=10780
bytes= 83 166 720  re-xmits=0007061 ( 12.3%) slice=0112 -   0
Timeout notAnswered=[0] notReady=[0] nrAns=0 nrRead=0 nrPart=1 avg=10869
bytes= 83 492 864  re-xmits=0007316 ( 12.7%) slice=0112 -   0
Timeout notAnswered=[0] notReady=[0] nrAns=0 nrRead=0 nrPart=1 avg=12540
bytes= 83 819 008  re-xmits=0007626 ( 13.2%) slice=0112 -   0
Timeout notAnswered=[0] notReady=[0] nrAns=0 nrRead=0 nrPart=1 avg=12048
bytes= 84 145 152  re-xmits=0007876 ( 13.6%) slice=0112 -   0
Timeout notAnswered=[0] notReady=[0] nrAns=0 nrRead=0 nrPart=1 avg=11183
bytes= 84 471 296  re-xmits=0008140 ( 14.0%) slice=0112 -   0
Timeout notAnswered=[0] notReady=[0] nrAns=0 nrRead=0 nrPart=1 avg=11295
bytes= 84 797 440  re-xmits=0008395 ( 14.4%) slice=0112 -   0
Timeout notAnswered=[0] notReady=[0] nrAns=0 nrRead=0 nrPart=1 avg=11232
bytes= 85 123 584  re-xmits=0008710 ( 14.8%) slice=0112 -   0
Timeout notAnswered=[0] notReady=[0] nrAns=0 nrRead=0 nrPart=1 avg=10792
bytes= 85 449 728  re-xmits=0009010 ( 15.3%) slice=0112 -   0
Timeout notAnswered=[0] notReady=[0] nrAns=0 nrRead=0 nrPart=1 avg=10214
bytes= 85 775 872  re-xmits=0009258 ( 15.7%) slice=0112 -   0
Timeout notAnswered=[0] notReady=[0] nrAns=0 nrRead=0 nrPart=1 avg=8741
bytes= 86 102 016  re-xmits=0009523 ( 16.1%) slice=0112 -   0
Timeout notAnswered=[0] notReady=[0] nrAns=0 nrRead=0 nrPart=1 avg=13429
bytes= 86 428 160  re-xmits=0009813 ( 16.5%) slice=0112 -   0
Timeout notAnswered=[0] notReady=[0] nrAns=0 nrRead=0 nrPart=1 avg=11207
bytes= 86 754 304  re-xmits=0010093 ( 16.9%) slice=0112 -   0
Timeout notAnswered=[0] notReady=[0] nrAns=0 nrRead=0 nrPart=1 avg=9715
bytes= 87 080 448  re-xmits=0010321 ( 17.2%) slice=0112 -   0
Timeout notAnswered=[0] notReady=[0] nrAns=0 nrRead=0 nrPart=1 avg=12006
bytes= 87 569 664  re-xmits=0010556 ( 17.5%) slice=0112 -   0
Timeout notAnswered=[0] notReady=[0] nrAns=0 nrRead=0 nrPart=1 avg=9506
Timeout notAnswered=[0] notReady=[0] nrAns=0 nrRead=0 nrPart=1 avg=15060
bytes= 88 058 880  re-xmits=0011059 ( 18.2%) slice=0112 -   0
Timeout notAnswered=[0] notReady=[0] nrAns=0 nrRead=0 nrPart=1 avg=10150
bytes= 88 385 024  re-xmits=0011354 ( 18.7%) slice=0112 -   0
Timeout notAnswered=[0] notReady=[0] nrAns=0 nrRead=0 nrPart=1 avg=8850
bytes= 88 711 168  re-xmits=0011634 ( 19.0%) slice=0112 -   0
Timeout notAnswered=[0] notReady=[0] nrAns=0 nrRead=0 nrPart=1 avg=8956
bytes= 89 037 312  re-xmits=0011939 ( 19.5%) slice=0112 -   0
Timeout notAnswered=[0] notReady=[0] nrAns=0 nrRead=0 nrPart=1 avg=8688
bytes= 89 363 456  re-xmits=0012239 ( 19.9%) slice=0112 -   0
Timeout notAnswered=[0] notReady=[0] nrAns=0 nrRead=0 nrPart=1 avg=12938
bytes= 89 852 672  re-xmits=0012474 ( 20.2%) slice=0112 -   0
Timeout notAnswered=[0] notReady=[0] nrAns=0 nrRead=0 nrPart=1 avg=8772
Timeout notAnswered=[0] notReady=[0] nrAns=0 nrRead=0 nrPart=1 avg=14008
bytes= 90 341 888  re-xmits=0013082 ( 21.0%) slice=0112 -   0
Timeout notAnswered=[0] notReady=[0] nrAns=0 nrRead=0 nrPart=1 avg=11726
bytes= 90 668 032  re-xmits=0013427 ( 21.5%) slice=0112 -   0
Timeout notAnswered=[0] notReady=[0] nrAns=0 nrRead=0 nrPart=1 avg=12426
bytes= 91 157 248  re-xmits=0013662 ( 21.8%) slice=0112 -   0
Timeout notAnswered=[0] notReady=[0] nrAns=0 nrRead=0 nrPart=1 avg=12670
Timeout notAnswered=[0] notReady=[0] nrAns=0 nrRead=0 nrPart=1 avg=10354
bytes= 91 646 464  re-xmits=0014192 ( 22.5%) slice=0112 -   0
Timeout notAnswered=[0] notReady=[0] nrAns=0 nrRead=0 nrPart=1 avg=13468
bytes= 91 972 608  re-xmits=0014472 ( 22.9%) slice=0112 -   0
Timeout notAnswered=[0] notReady=[0] nrAns=0 nrRead=0 nrPart=1 avg=10893
bytes= 92 298 752  re-xmits=0014747 ( 23.2%) slice=0112 -   0
Timeout notAnswered=[0] notReady=[0] nrAns=0 nrRead=0 nrPart=1 avg=13193
bytes= 92 624 896  re-xmits=0014995 ( 23.5%) slice=0112 -   0
Timeout notAnswered=[0] notReady=[0] nrAns=0 nrRead=0 nrPart=1 avg=10944
bytes= 92 951 040  re-xmits=0015240 ( 23.8%) slice=0112 -   0
Timeout notAnswered=[0] notReady=[0] nrAns=0 nrRead=0 nrPart=1 avg=10399
bytes= 93 277 184  re-xmits=0015550 ( 24.2%) slice=0112 -   0
Timeout notAnswered=[0] notReady=[0] nrAns=0 nrRead=0 nrPart=1 avg=10069
bytes= 93 603 328  re-xmits=0015810 ( 24.5%) slice=0112 -   0
Timeout notAnswered=[0] notReady=[0] nrAns=0 nrRead=0 nrPart=1 avg=10354
bytes= 93 929 472  re-xmits=0016100 ( 24.9%) slice=0112 -   0
Timeout notAnswered=[0] notReady=[0] nrAns=0 nrRead=0 nrPart=1 avg=8592
bytes= 94 255 616  re-xmits=0016198 ( 25.0%) slice=0112 -   0
Timeout notAnswered=[0] notReady=[0] nrAns=0 nrRead=0 nrPart=1 avg=14618
Timeout notAnswered=[0] notReady=[0] nrAns=0 nrRead=0 nrPart=1 avg=10085
bytes= 95 070 976  re-xmits=0016198 ( 24.8%) slice=0112 -   0
Timeout notAnswered=[0] notReady=[0] nrAns=0 nrRead=0 nrPart=1 avg=7744
Timeout notAnswered=[0] notReady=[0] nrAns=0 nrRead=0 nrPart=1 avg=12482
Timeout notAnswered=[0] notReady=[0] nrAns=0 nrRead=0 nrPart=1 avg=10198
bytes= 95 723 264  re-xmits=0016263 ( 24.7%) slice=0112 -   0
Timeout notAnswered=[0] notReady=[0] nrAns=0 nrRead=0 nrPart=1 avg=6971
Timeout notAnswered=[0] notReady=[0] nrAns=0 nrRead=0 nrPart=1 avg=7415
Timeout notAnswered=[0] notReady=[0] nrAns=0 nrRead=0 nrPart=1 avg=5990
Timeout notAnswered=[0] notReady=[0] nrAns=0 nrRead=0 nrPart=1 avg=6763
bytes= 96 375 552  re-xmits=0016263 ( 24.5%) slice=0112 -   0
Timeout notAnswered=[0] notReady=[0] nrAns=0 nrRead=0 nrPart=1 avg=6737
Timeout notAnswered=[0] notReady=[0] nrAns=0 nrRead=0 nrPart=1 avg=6060
Timeout notAnswered=[0] notReady=[0] nrAns=0 nrRead=0 nrPart=1 avg=6129
Timeout notAnswered=[0] notReady=[0] nrAns=0 nrRead=0 nrPart=1 avg=6119
bytes= 97 027 840  re-xmits=0016263 ( 24.4%) slice=0112 -   0
Timeout notAnswered=[0] notReady=[0] nrAns=0 nrRead=0 nrPart=1 avg=6128
Timeout notAnswered=[0] notReady=[0] nrAns=0 nrRead=0 nrPart=1 avg=7513
Timeout notAnswered=[0] notReady=[0] nrAns=0 nrRead=0 nrPart=1 avg=6628
Timeout notAnswered=[0] notReady=[0] nrAns=0 nrRead=0 nrPart=1 avg=6722
bytes= 97 680 128  re-xmits=0016263 ( 24.2%) slice=0112 -   0
Timeout notAnswered=[0] notReady=[0] nrAns=0 nrRead=0 nrPart=1 avg=7449
Timeout notAnswered=[0] notReady=[0] nrAns=0 nrRead=0 nrPart=1 avg=6592
Timeout notAnswered=[0] notReady=[0] nrAns=0 nrRead=0 nrPart=1 avg=6056
Timeout notAnswered=[0] notReady=[0] nrAns=0 nrRead=0 nrPart=1 avg=6782
bytes= 98 332 416  re-xmits=0016263 ( 24.0%) slice=0112 -   0
Timeout notAnswered=[0] notReady=[0] nrAns=0 nrRead=0 nrPart=1 avg=6694
Timeout notAnswered=[0] notReady=[0] nrAns=0 nrRead=0 nrPart=1 avg=6062
Timeout notAnswered=[0] notReady=[0] nrAns=0 nrRead=0 nrPart=1 avg=6786
Timeout notAnswered=[0] notReady=[0] nrAns=0 nrRead=0 nrPart=1 avg=6711
bytes= 98 984 704  re-xmits=0016263 ( 23.9%) slice=0112 -   0
Timeout notAnswered=[0] notReady=[0] nrAns=0 nrRead=0 nrPart=1 avg=6063
Timeout notAnswered=[0] notReady=[0] nrAns=0 nrRead=0 nrPart=1 avg=6796
Timeout notAnswered=[0] notReady=[0] nrAns=0 nrRead=0 nrPart=1 avg=6706
Timeout notAnswered=[0] notReady=[0] nrAns=0 nrRead=0 nrPart=1 avg=6719
bytes= 99 636 992  re-xmits=0016263 ( 23.7%) slice=0112 -   0
Timeout notAnswered=[0] notReady=[0] nrAns=0 nrRead=0 nrPart=1 avg=7448
Timeout notAnswered=[0] notReady=[0] nrAns=0 nrRead=0 nrPart=1 avg=6641
Timeout notAnswered=[0] notReady=[0] nrAns=0 nrRead=0 nrPart=1 avg=6062
Timeout notAnswered=[0] notReady=[0] nrAns=0 nrRead=0 nrPart=1 avg=6124
bytes=100 289 280  re-xmits=0016263 ( 23.6%) slice=0112 -   0
Timeout notAnswered=[0] notReady=[0] nrAns=0 nrRead=0 nrPart=1 avg=6119
Timeout notAnswered=[0] notReady=[0] nrAns=0 nrRead=0 nrPart=1 avg=7513
Timeout notAnswered=[0] notReady=[0] nrAns=0 nrRead=0 nrPart=1 avg=7345
Timeout notAnswered=[0] notReady=[0] nrAns=0 nrRead=0 nrPart=1 avg=6649
bytes=100 941 568  re-xmits=0016263 ( 23.4%) slice=0112 -   0
Timeout notAnswered=[0] notReady=[0] nrAns=0 nrRead=0 nrPart=1 avg=8226
Timeout notAnswered=[0] notReady=[0] nrAns=0 nrRead=0 nrPart=1 avg=8026
Timeout notAnswered=[0] notReady=[0] nrAns=0 nrRead=0 nrPart=1 avg=8055
Timeout notAnswered=[0] notReady=[0] nrAns=0 nrRead=0 nrPart=1 avg=7272
bytes=101 593 856  re-xmits=0016263 ( 23.3%) slice=0112 -   0
Timeout notAnswered=[0] notReady=[0] nrAns=0 nrRead=0 nrPart=1 avg=7364
Timeout notAnswered=[0] notReady=[0] nrAns=0 nrRead=0 nrPart=1 avg=7362
Timeout notAnswered=[0] notReady=[0] nrAns=0 nrRead=0 nrPart=1 avg=6637
bytes=102 083 072  re-xmits=0016287 ( 23.2%) slice=0112 -   0
Timeout notAnswered=[0] notReady=[0] nrAns=0 nrRead=0 nrPart=1 avg=8007
Timeout notAnswered=[0] notReady=[0] nrAns=0 nrRead=0 nrPart=1 avg=11913
Timeout notAnswered=[0] notReady=[0] nrAns=0 nrRead=0 nrPart=1 avg=7626
Timeout notAnswered=[0] notReady=[0] nrAns=0 nrRead=0 nrPart=1 avg=6576
bytes=102 898 432  re-xmits=0016329 ( 23.1%) slice=0112 -   0
Timeout notAnswered=[0] notReady=[0] nrAns=0 nrRead=0 nrPart=1 avg=9354
Timeout notAnswered=[0] notReady=[0] nrAns=0 nrRead=0 nrPart=1 avg=11616
Timeout notAnswered=[0] notReady=[0] nrAns=0 nrRead=0 nrPart=1 avg=7628
Timeout notAnswered=[0] notReady=[0] nrAns=0 nrRead=0 nrPart=1 avg=7324
bytes=103 713 792  re-xmits=0016329 ( 22.9%) slice=0112 -   0
Timeout notAnswered=[0] notReady=[0] nrAns=0 nrRead=0 nrPart=1 avg=6651
Timeout notAnswered=[0] notReady=[0] nrAns=0 nrRead=0 nrPart=1 avg=7457
Timeout notAnswered=[0] notReady=[0] nrAns=0 nrRead=0 nrPart=1 avg=5982
Timeout notAnswered=[0] notReady=[0] nrAns=0 nrRead=0 nrPart=1 avg=6799
bytes=104 366 080  re-xmits=0016329 ( 22.7%) slice=0112 -   0
Timeout notAnswered=[0] notReady=[0] nrAns=0 nrRead=0 nrPart=1 avg=7433
Timeout notAnswered=[0] notReady=[0] nrAns=0 nrRead=0 nrPart=1 avg=5983
Timeout notAnswered=[0] notReady=[0] nrAns=0 nrRead=0 nrPart=1 avg=6800
Timeout notAnswered=[0] notReady=[0] nrAns=0 nrRead=0 nrPart=1 avg=6052
bytes=105 018 368  re-xmits=0016329 ( 22.6%) slice=0112 -   0
Timeout notAnswered=[0] notReady=[0] nrAns=0 nrRead=0 nrPart=1 avg=6792
Timeout notAnswered=[0] notReady=[0] nrAns=0 nrRead=0 nrPart=1 avg=6056
Timeout notAnswered=[0] notReady=[0] nrAns=0 nrRead=0 nrPart=1 avg=6750
Timeout notAnswered=[0] notReady=[0] nrAns=0 nrRead=0 nrPart=1 avg=6703
bytes=105 670 656  re-xmits=0016329 ( 22.4%) slice=0112 -   0
Timeout notAnswered=[0] notReady=[0] nrAns=0 nrRead=0 nrPart=1 avg=7443
Timeout notAnswered=[0] notReady=[0] nrAns=0 nrRead=0 nrPart=1 avg=7336
Timeout notAnswered=[0] notReady=[0] nrAns=0 nrRead=0 nrPart=1 avg=6648
Timeout notAnswered=[0] notReady=[0] nrAns=0 nrRead=0 nrPart=1 avg=6720
bytes=106 322 944  re-xmits=0016329 ( 22.3%) slice=0112 -   0
Timeout notAnswered=[0] notReady=[0] nrAns=0 nrRead=0 nrPart=1 avg=6716
Timeout notAnswered=[0] notReady=[0] nrAns=0 nrRead=0 nrPart=1 avg=6713
Timeout notAnswered=[0] notReady=[0] nrAns=0 nrRead=0 nrPart=1 avg=6729
Timeout notAnswered=[0] notReady=[0] nrAns=0 nrRead=0 nrPart=1 avg=6725
bytes=106 975 232  re-xmits=0016329 ( 22.2%) slice=0112 -   0
Timeout notAnswered=[0] notReady=[0] nrAns=0 nrRead=0 nrPart=1 avg=7443
Timeout notAnswered=[0] notReady=[0] nrAns=0 nrRead=0 nrPart=1 avg=7355
Timeout notAnswered=[0] notReady=[0] nrAns=0 nrRead=0 nrPart=1 avg=5994
Timeout notAnswered=[0] notReady=[0] nrAns=0 nrRead=0 nrPart=1 avg=6134
bytes=107 627 520  re-xmits=0016329 ( 22.0%) slice=0112 -   0
Timeout notAnswered=[0] notReady=[0] nrAns=0 nrRead=0 nrPart=1 avg=6779
Timeout notAnswered=[0] notReady=[0] nrAns=0 nrRead=0 nrPart=1 avg=6052
Timeout notAnswered=[0] notReady=[0] nrAns=0 nrRead=0 nrPart=1 avg=6791
Timeout notAnswered=[0] notReady=[0] nrAns=0 nrRead=0 nrPart=1 avg=6709
bytes=108 279 808  re-xmits=0016329 ( 21.9%) slice=0112 -   0
Timeout notAnswered=[0] notReady=[0] nrAns=0 nrRead=0 nrPart=1 avg=6068
Timeout notAnswered=[0] notReady=[0] nrAns=0 nrRead=0 nrPart=1 avg=6092
Timeout notAnswered=[0] notReady=[0] nrAns=0 nrRead=0 nrPart=1 avg=6778
Timeout notAnswered=[0] notReady=[0] nrAns=0 nrRead=0 nrPart=1 avg=7419
bytes=108 932 096  re-xmits=0016329 ( 21.8%) slice=0112 -   0
Timeout notAnswered=[0] notReady=[0] nrAns=0 nrRead=0 nrPart=1 avg=7348
Timeout notAnswered=[0] notReady=[0] nrAns=0 nrRead=0 nrPart=1 avg=7354
Timeout notAnswered=[0] notReady=[0] nrAns=0 nrRead=0 nrPart=1 avg=7354
Timeout notAnswered=[0] notReady=[0] nrAns=0 nrRead=0 nrPart=1 avg=6651
bytes=109 584 384  re-xmits=0016329 ( 21.6%) slice=0112 -   0
Timeout notAnswered=[0] notReady=[0] nrAns=0 nrRead=0 nrPart=1 avg=6730
Timeout notAnswered=[0] notReady=[0] nrAns=0 nrRead=0 nrPart=1 avg=6713
Timeout notAnswered=[0] notReady=[0] nrAns=0 nrRead=0 nrPart=1 avg=6720
Timeout notAnswered=[0] notReady=[0] nrAns=0 nrRead=0 nrPart=1 avg=6719
bytes=110 236 672  re-xmits=0016329 ( 21.5%) slice=0112 -   0
Timeout notAnswered=[0] notReady=[0] nrAns=0 nrRead=0 nrPart=1 avg=6721
Timeout notAnswered=[0] notReady=[0] nrAns=0 nrRead=0 nrPart=1 avg=6715
Timeout notAnswered=[0] notReady=[0] nrAns=0 nrRead=0 nrPart=1 avg=6712
Timeout notAnswered=[0] notReady=[0] nrAns=0 nrRead=0 nrPart=1 avg=6059
bytes=110 888 960  re-xmits=0016329 ( 21.4%) slice=0112 -   0
Timeout notAnswered=[0] notReady=[0] nrAns=0 nrRead=0 nrPart=1 avg=6792
Timeout notAnswered=[0] notReady=[0] nrAns=0 nrRead=0 nrPart=1 avg=6712
Timeout notAnswered=[0] notReady=[0] nrAns=0 nrRead=0 nrPart=1 avg=6711
Timeout notAnswered=[0] notReady=[0] nrAns=0 nrRead=0 nrPart=1 avg=6724
bytes=111 541 248  re-xmits=0016329 ( 21.3%) slice=0112 -   0
Timeout notAnswered=[0] notReady=[0] nrAns=0 nrRead=0 nrPart=1 avg=6723
Timeout notAnswered=[0] notReady=[0] nrAns=0 nrRead=0 nrPart=1 avg=6057
Timeout notAnswered=[0] notReady=[0] nrAns=0 nrRead=0 nrPart=1 avg=6127
Timeout notAnswered=[0] notReady=[0] nrAns=0 nrRead=0 nrPart=1 avg=7509
bytes=112 193 536  re-xmits=0016329 ( 21.1%) slice=0112 -   0
Timeout notAnswered=[0] notReady=[0] nrAns=0 nrRead=0 nrPart=1 avg=5990
Timeout notAnswered=[0] notReady=[0] nrAns=0 nrRead=0 nrPart=1 avg=6801
Timeout notAnswered=[0] notReady=[0] nrAns=0 nrRead=0 nrPart=1 avg=6670
Timeout notAnswered=[0] notReady=[0] nrAns=0 nrRead=0 nrPart=1 avg=7444
bytes=112 845 824  re-xmits=0016329 ( 21.0%) slice=0112 -   0
Timeout notAnswered=[0] notReady=[0] nrAns=0 nrRead=0 nrPart=1 avg=6619
Timeout notAnswered=[0] notReady=[0] nrAns=0 nrRead=0 nrPart=1 avg=7443
Timeout notAnswered=[0] notReady=[0] nrAns=0 nrRead=0 nrPart=1 avg=6632
Timeout notAnswered=[0] notReady=[0] nrAns=0 nrRead=0 nrPart=1 avg=6066
bytes=113 498 112  re-xmits=0016339 ( 20.9%) slice=0112 -   0
Timeout notAnswered=[0] notReady=[0] nrAns=0 nrRead=0 nrPart=1 avg=8494
Timeout notAnswered=[0] notReady=[0] nrAns=0 nrRead=0 nrPart=1 avg=11808
Timeout notAnswered=[0] notReady=[0] nrAns=0 nrRead=0 nrPart=1 avg=6220
Timeout notAnswered=[0] notReady=[0] nrAns=0 nrRead=0 nrPart=1 avg=7464
bytes=114 313 472  re-xmits=0016339 ( 20.8%) slice=0112 -   0
Timeout notAnswered=[0] notReady=[0] nrAns=0 nrRead=0 nrPart=1 avg=8147
Timeout notAnswered=[0] notReady=[0] nrAns=0 nrRead=0 nrPart=1 avg=6505
Timeout notAnswered=[0] notReady=[0] nrAns=0 nrRead=0 nrPart=1 avg=12231
bytes=114 965 760  re-xmits=0016345 ( 20.7%) slice=0112 -   0
Timeout notAnswered=[0] notReady=[0] nrAns=0 nrRead=0 nrPart=1 avg=7598
Timeout notAnswered=[0] notReady=[0] nrAns=0 nrRead=0 nrPart=1 avg=9913
Timeout notAnswered=[0] notReady=[0] nrAns=0 nrRead=0 nrPart=1 avg=11478
bytes=115 618 048  re-xmits=0016375 ( 20.6%) slice=0112 -   0
Timeout notAnswered=[0] notReady=[0] nrAns=0 nrRead=0 nrPart=1 avg=7655
Timeout notAnswered=[0] notReady=[0] nrAns=0 nrRead=0 nrPart=1 avg=8858
Timeout notAnswered=[0] notReady=[0] nrAns=0 nrRead=0 nrPart=1 avg=11746
bytes=116 270 336  re-xmits=0016390 ( 20.5%) slice=0112 -   0
Timeout notAnswered=[0] notReady=[0] nrAns=0 nrRead=0 nrPart=1 avg=6893
Timeout notAnswered=[0] notReady=[0] nrAns=0 nrRead=0 nrPart=1 avg=6663
Timeout notAnswered=[0] notReady=[0] nrAns=0 nrRead=0 nrPart=1 avg=6065
Timeout notAnswered=[0] notReady=[0] nrAns=0 nrRead=0 nrPart=1 avg=6128
bytes=116 922 624  re-xmits=0016402 ( 20.4%) slice=0112 -   0
Timeout notAnswered=[0] notReady=[0] nrAns=0 nrRead=0 nrPart=1 avg=7034
Timeout notAnswered=[0] notReady=[0] nrAns=0 nrRead=0 nrPart=1 avg=12111
Timeout notAnswered=[0] notReady=[0] nrAns=0 nrRead=0 nrPart=1 avg=6894
bytes=117 574 912  re-xmits=0016438 ( 20.3%) slice=0112 -   0
Timeout notAnswered=[0] notReady=[0] nrAns=0 nrRead=0 nrPart=1 avg=8863
Timeout notAnswered=[0] notReady=[0] nrAns=0 nrRead=0 nrPart=1 avg=11700
Timeout notAnswered=[0] notReady=[0] nrAns=0 nrRead=0 nrPart=1 avg=7654
bytes=118 227 200  re-xmits=0016444 ( 20.2%) slice=0112 -   0
Timeout notAnswered=[0] notReady=[0] nrAns=0 nrRead=0 nrPart=1 avg=6488
Timeout notAnswered=[0] notReady=[0] nrAns=0 nrRead=0 nrPart=1 avg=12252
Timeout notAnswered=[0] notReady=[0] nrAns=0 nrRead=0 nrPart=1 avg=6174
Timeout notAnswered=[0] notReady=[0] nrAns=0 nrRead=0 nrPart=1 avg=6115
bytes=119 042 560  re-xmits=0016444 ( 20.1%) slice=0112 -   0
Timeout notAnswered=[0] notReady=[0] nrAns=0 nrRead=0 nrPart=1 avg=6126
Timeout notAnswered=[0] notReady=[0] nrAns=0 nrRead=0 nrPart=1 avg=6116
Timeout notAnswered=[0] notReady=[0] nrAns=0 nrRead=0 nrPart=1 avg=6092
Timeout notAnswered=[0] notReady=[0] nrAns=0 nrRead=0 nrPart=1 avg=6769
bytes=119 694 848  re-xmits=0016444 ( 20.0%) slice=0112 -   0
Timeout notAnswered=[0] notReady=[0] nrAns=0 nrRead=0 nrPart=1 avg=6038
Timeout notAnswered=[0] notReady=[0] nrAns=0 nrRead=0 nrPart=1 avg=6119
Timeout notAnswered=[0] notReady=[0] nrAns=0 nrRead=0 nrPart=1 avg=6122
Timeout notAnswered=[0] notReady=[0] nrAns=0 nrRead=0 nrPart=1 avg=6777
bytes=120 347 136  re-xmits=0016444 ( 19.8%) slice=0112 -   0
Timeout notAnswered=[0] notReady=[0] nrAns=0 nrRead=0 nrPart=1 avg=6708
Timeout notAnswered=[0] notReady=[0] nrAns=0 nrRead=0 nrPart=1 avg=6717
Timeout notAnswered=[0] notReady=[0] nrAns=0 nrRead=0 nrPart=1 avg=6719
Timeout notAnswered=[0] notReady=[0] nrAns=0 nrRead=0 nrPart=1 avg=6061
bytes=120 999 424  re-xmits=0016449 ( 19.7%) slice=0112 -   0
Timeout notAnswered=[0] notReady=[0] nrAns=0 nrRead=0 nrPart=1 avg=7603
Timeout notAnswered=[0] notReady=[0] nrAns=0 nrRead=0 nrPart=1 avg=12020
Timeout notAnswered=[0] notReady=[0] nrAns=0 nrRead=0 nrPart=1 avg=6176
Timeout notAnswered=[0] notReady=[0] nrAns=0 nrRead=0 nrPart=1 avg=6771
bytes=121 814 784  re-xmits=0016459 ( 19.6%) slice=0112 -   0
Timeout notAnswered=[0] notReady=[0] nrAns=0 nrRead=0 nrPart=1 avg=8024
Timeout notAnswered=[0] notReady=[0] nrAns=0 nrRead=0 nrPart=1 avg=11916
Timeout notAnswered=[0] notReady=[0] nrAns=0 nrRead=0 nrPart=1 avg=6192
Timeout notAnswered=[0] notReady=[0] nrAns=0 nrRead=0 nrPart=1 avg=6112
bytes=122 630 144  re-xmits=0016459 ( 19.5%) slice=0112 -   0
Timeout notAnswered=[0] notReady=[0] nrAns=0 nrRead=0 nrPart=1 avg=6126
Timeout notAnswered=[0] notReady=[0] nrAns=0 nrRead=0 nrPart=1 avg=6113
Timeout notAnswered=[0] notReady=[0] nrAns=0 nrRead=0 nrPart=1 avg=6780
Timeout notAnswered=[0] notReady=[0] nrAns=0 nrRead=0 nrPart=1 avg=6055
bytes=123 282 432  re-xmits=0016459 ( 19.4%) slice=0112 -   0
Timeout notAnswered=[0] notReady=[0] nrAns=0 nrRead=0 nrPart=1 avg=6131
Timeout notAnswered=[0] notReady=[0] nrAns=0 nrRead=0 nrPart=1 avg=6779
Timeout notAnswered=[0] notReady=[0] nrAns=0 nrRead=0 nrPart=1 avg=7392
Timeout notAnswered=[0] notReady=[0] nrAns=0 nrRead=0 nrPart=1 avg=5973
bytes=123 934 720  re-xmits=0016459 ( 19.3%) slice=0112 -   0
Timeout notAnswered=[0] notReady=[0] nrAns=0 nrRead=0 nrPart=1 avg=6783
Timeout notAnswered=[0] notReady=[0] nrAns=0 nrRead=0 nrPart=1 avg=6703
Timeout notAnswered=[0] notReady=[0] nrAns=0 nrRead=0 nrPart=1 avg=6715
Timeout notAnswered=[0] notReady=[0] nrAns=0 nrRead=0 nrPart=1 avg=6054
bytes=124 587 008  re-xmits=0016459 ( 19.2%) slice=0112 -   0
Timeout notAnswered=[0] notReady=[0] nrAns=0 nrRead=0 nrPart=1 avg=6791
Timeout notAnswered=[0] notReady=[0] nrAns=0 nrRead=0 nrPart=1 avg=6047
Timeout notAnswered=[0] notReady=[0] nrAns=0 nrRead=0 nrPart=1 avg=6127
Timeout notAnswered=[0] notReady=[0] nrAns=0 nrRead=0 nrPart=1 avg=6122
bytes=125 239 296  re-xmits=0016459 ( 19.1%) slice=0112 -   0
Timeout notAnswered=[0] notReady=[0] nrAns=0 nrRead=0 nrPart=1 avg=6115
Timeout notAnswered=[0] notReady=[0] nrAns=0 nrRead=0 nrPart=1 avg=6124
Timeout notAnswered=[0] notReady=[0] nrAns=0 nrRead=0 nrPart=1 avg=7517
Timeout notAnswered=[0] notReady=[0] nrAns=0 nrRead=0 nrPart=1 avg=6626
bytes=125 891 584  re-xmits=0016459 ( 19.0%) slice=0112 -   0
Timeout notAnswered=[0] notReady=[0] nrAns=0 nrRead=0 nrPart=1 avg=6065
Timeout notAnswered=[0] notReady=[0] nrAns=0 nrRead=0 nrPart=1 avg=6124
Timeout notAnswered=[0] notReady=[0] nrAns=0 nrRead=0 nrPart=1 avg=6122
Timeout notAnswered=[0] notReady=[0] nrAns=0 nrRead=0 nrPart=1 avg=6124
bytes=126 543 872  re-xmits=0016459 ( 18.9%) slice=0112 -   0
Timeout notAnswered=[0] notReady=[0] nrAns=0 nrRead=0 nrPart=1 avg=6128
Timeout notAnswered=[0] notReady=[0] nrAns=0 nrRead=0 nrPart=1 avg=6122
Timeout notAnswered=[0] notReady=[0] nrAns=0 nrRead=0 nrPart=1 avg=7482
bytes=127 033 088  re-xmits=0016479 ( 18.8%) slice=0112 -   0
Timeout notAnswered=[0] notReady=[0] nrAns=0 nrRead=0 nrPart=1 avg=8852
Timeout notAnswered=[0] notReady=[0] nrAns=0 nrRead=0 nrPart=1 avg=11716
Timeout notAnswered=[0] notReady=[0] nrAns=0 nrRead=0 nrPart=1 avg=6901
bytes=127 685 376  re-xmits=0016499 ( 18.8%) slice=0112 -   0
Timeout notAnswered=[0] notReady=[0] nrAns=0 nrRead=0 nrPart=1 avg=9293
Timeout notAnswered=[0] notReady=[0] nrAns=0 nrRead=0 nrPart=1 avg=11621
Timeout notAnswered=[0] notReady=[0] nrAns=0 nrRead=0 nrPart=1 avg=7654
Timeout notAnswered=[0] notReady=[0] nrAns=0 nrRead=0 nrPart=1 avg=8090
bytes=128 500 736  re-xmits=0016499 ( 18.6%) slice=0112 -   0
Timeout notAnswered=[0] notReady=[0] nrAns=0 nrRead=0 nrPart=1 avg=7262
Timeout notAnswered=[0] notReady=[0] nrAns=0 nrRead=0 nrPart=1 avg=7781
Timeout notAnswered=[0] notReady=[0] nrAns=0 nrRead=0 nrPart=1 avg=11972
bytes=129 153 024  re-xmits=0016504 ( 18.6%) slice=0112 -   0
Timeout notAnswered=[0] notReady=[0] nrAns=0 nrRead=0 nrPart=1 avg=7616
Timeout notAnswered=[0] notReady=[0] nrAns=0 nrRead=0 nrPart=1 avg=7293
Timeout notAnswered=[0] notReady=[0] nrAns=0 nrRead=0 nrPart=1 avg=7365
Timeout notAnswered=[0] notReady=[0] nrAns=0 nrRead=0 nrPart=1 avg=7368
bytes=129 805 312  re-xmits=0016504 ( 18.5%) slice=0112 -   0
Timeout notAnswered=[0] notReady=[0] nrAns=0 nrRead=0 nrPart=1 avg=6652
Timeout notAnswered=[0] notReady=[0] nrAns=0 nrRead=0 nrPart=1 avg=7012
Timeout notAnswered=[0] notReady=[0] nrAns=0 nrRead=0 nrPart=1 avg=12140
bytes=130 457 600  re-xmits=0016516 ( 18.4%) slice=0112 -   0
Timeout notAnswered=[0] notReady=[0] nrAns=0 nrRead=0 nrPart=1 avg=6202
Timeout notAnswered=[0] notReady=[0] nrAns=0 nrRead=0 nrPart=1 avg=7468
Timeout notAnswered=[0] notReady=[0] nrAns=0 nrRead=0 nrPart=1 avg=6631
Timeout notAnswered=[0] notReady=[0] nrAns=0 nrRead=0 nrPart=1 avg=6071
bytes=131 109 888  re-xmits=0016526 ( 18.3%) slice=0112 -   0
Timeout notAnswered=[0] notReady=[0] nrAns=0 nrRead=0 nrPart=1 avg=8024
Timeout notAnswered=[0] notReady=[0] nrAns=0 nrRead=0 nrPart=1 avg=11896
Timeout notAnswered=[0] notReady=[0] nrAns=0 nrRead=0 nrPart=1 avg=6237
Timeout notAnswered=[0] notReady=[0] nrAns=0 nrRead=0 nrPart=1 avg=7463
bytes=131 925 248  re-xmits=0016526 ( 18.2%) slice=0112 -   0
Timeout notAnswered=[0] notReady=[0] nrAns=0 nrRead=0 nrPart=1 avg=6629
Timeout notAnswered=[0] notReady=[0] nrAns=0 nrRead=0 nrPart=1 avg=6063
Timeout notAnswered=[0] notReady=[0] nrAns=0 nrRead=0 nrPart=1 avg=6122
Timeout notAnswered=[0] notReady=[0] nrAns=0 nrRead=0 nrPart=1 avg=6780
bytes=132 577 536  re-xmits=0016526 ( 18.1%) slice=0112 -   0
Timeout notAnswered=[0] notReady=[0] nrAns=0 nrRead=0 nrPart=1 avg=6717
Timeout notAnswered=[0] notReady=[0] nrAns=0 nrRead=0 nrPart=1 avg=6718
Timeout notAnswered=[0] notReady=[0] nrAns=0 nrRead=0 nrPart=1 avg=6717
bytes=133 066 752  re-xmits=0016538 ( 18.0%) slice=0112 -   0
Timeout notAnswered=[0] notReady=[0] nrAns=0 nrRead=0 nrPart=1 avg=6837
Timeout notAnswered=[0] notReady=[0] nrAns=0 nrRead=0 nrPart=1 avg=12156
Timeout notAnswered=[0] notReady=[0] nrAns=0 nrRead=0 nrPart=1 avg=6879
Timeout notAnswered=[0] notReady=[0] nrAns=0 nrRead=0 nrPart=1 avg=7393
bytes=133 882 112  re-xmits=0016538 ( 17.9%) slice=0112 -   0
Timeout notAnswered=[0] notReady=[0] nrAns=0 nrRead=0 nrPart=1 avg=7361
Timeout notAnswered=[0] notReady=[0] nrAns=0 nrRead=0 nrPart=1 avg=6646
Timeout notAnswered=[0] notReady=[0] nrAns=0 nrRead=0 nrPart=1 avg=6060
Timeout notAnswered=[0] notReady=[0] nrAns=0 nrRead=0 nrPart=1 avg=6795
bytes=134 534 400  re-xmits=0016538 ( 17.8%) slice=0112 -   0
Timeout notAnswered=[0] notReady=[0] nrAns=0 nrRead=0 nrPart=1 avg=7442
Timeout notAnswered=[0] notReady=[0] nrAns=0 nrRead=0 nrPart=1 avg=6637
Timeout notAnswered=[0] notReady=[0] nrAns=0 nrRead=0 nrPart=1 avg=12208
bytes=135 186 688  re-xmits=0016550 ( 17.8%) slice=0112 -   0
Timeout notAnswered=[0] notReady=[0] nrAns=0 nrRead=0 nrPart=1 avg=6200
Timeout notAnswered=[0] notReady=[0] nrAns=0 nrRead=0 nrPart=1 avg=6737
Timeout notAnswered=[0] notReady=[0] nrAns=0 nrRead=0 nrPart=1 avg=6056
Timeout notAnswered=[0] notReady=[0] nrAns=0 nrRead=0 nrPart=1 avg=6127
bytes=135 838 976  re-xmits=0016562 ( 17.7%) slice=0112 -   0
Timeout notAnswered=[0] notReady=[0] nrAns=0 nrRead=0 nrPart=1 avg=6857
Timeout notAnswered=[0] notReady=[0] nrAns=0 nrRead=0 nrPart=1 avg=12146
Timeout notAnswered=[0] notReady=[0] nrAns=0 nrRead=0 nrPart=1 avg=6211
Timeout notAnswered=[0] notReady=[0] nrAns=0 nrRead=0 nrPart=1 avg=6735
bytes=136 654 336  re-xmits=0016562 ( 17.6%) slice=0112 -   0
Timeout notAnswered=[0] notReady=[0] nrAns=0 nrRead=0 nrPart=1 avg=6696
Timeout notAnswered=[0] notReady=[0] nrAns=0 nrRead=0 nrPart=1 avg=6745
Timeout notAnswered=[0] notReady=[0] nrAns=0 nrRead=0 nrPart=1 avg=6672
Timeout notAnswered=[0] notReady=[0] nrAns=0 nrRead=0 nrPart=1 avg=6053
bytes=137 306 624  re-xmits=0016562 ( 17.5%) slice=0112 -   0
Timeout notAnswered=[0] notReady=[0] nrAns=0 nrRead=0 nrPart=1 avg=6786
Timeout notAnswered=[0] notReady=[0] nrAns=0 nrRead=0 nrPart=1 avg=6705
Timeout notAnswered=[0] notReady=[0] nrAns=0 nrRead=0 nrPart=1 avg=6060
Timeout notAnswered=[0] notReady=[0] nrAns=0 nrRead=0 nrPart=1 avg=6786
bytes=137 958 912  re-xmits=0016562 ( 17.4%) slice=0112 -   0
Timeout notAnswered=[0] notReady=[0] nrAns=0 nrRead=0 nrPart=1 avg=6052
Timeout notAnswered=[0] notReady=[0] nrAns=0 nrRead=0 nrPart=1 avg=7526
Timeout notAnswered=[0] notReady=[0] nrAns=0 nrRead=0 nrPart=1 avg=7340
bytes=138 448 128  re-xmits=0016572 ( 17.4%) slice=0112 -   0
Timeout notAnswered=[0] notReady=[0] nrAns=0 nrRead=0 nrPart=1 avg=8221
Timeout notAnswered=[0] notReady=[0] nrAns=0 nrRead=0 nrPart=1 avg=11876
Timeout notAnswered=[0] notReady=[0] nrAns=0 nrRead=0 nrPart=1 avg=8438
Timeout notAnswered=[0] notReady=[0] nrAns=0 nrRead=0 nrPart=1 avg=6520
bytes=139 263 488  re-xmits=0016572 ( 17.3%) slice=0112 -   0
Timeout notAnswered=[0] notReady=[0] nrAns=0 nrRead=0 nrPart=1 avg=6738
Timeout notAnswered=[0] notReady=[0] nrAns=0 nrRead=0 nrPart=1 avg=6167
Timeout notAnswered=[0] notReady=[0] nrAns=0 nrRead=0 nrPart=1 avg=12325
bytes=139 915 776  re-xmits=0016578 ( 17.2%) slice=0112 -   0
Timeout notAnswered=[0] notReady=[0] nrAns=0 nrRead=0 nrPart=1 avg=6873
Timeout notAnswered=[0] notReady=[0] nrAns=0 nrRead=0 nrPart=1 avg=6668
Timeout notAnswered=[0] notReady=[0] nrAns=0 nrRead=0 nrPart=1 avg=6064
Timeout notAnswered=[0] notReady=[0] nrAns=0 nrRead=0 nrPart=1 avg=6792
bytes=140 568 064  re-xmits=0016590 ( 17.1%) slice=0112 -   0
Timeout notAnswered=[0] notReady=[0] nrAns=0 nrRead=0 nrPart=1 avg=6825
Timeout notAnswered=[0] notReady=[0] nrAns=0 nrRead=0 nrPart=1 avg=12165
Timeout notAnswered=[0] notReady=[0] nrAns=0 nrRead=0 nrPart=1 avg=6878
Timeout notAnswered=[0] notReady=[0] nrAns=0 nrRead=0 nrPart=1 avg=8195
bytes=141 383 424  re-xmits=0016590 ( 17.0%) slice=0112 -   0
Timeout notAnswered=[0] notReady=[0] nrAns=0 nrRead=0 nrPart=1 avg=8030
Timeout notAnswered=[0] notReady=[0] nrAns=0 nrRead=0 nrPart=1 avg=8822
Timeout notAnswered=[0] notReady=[0] nrAns=0 nrRead=0 nrPart=1 avg=11745
bytes=142 035 712  re-xmits=0016595 ( 17.0%) slice=0112 -   0
Timeout notAnswered=[0] notReady=[0] nrAns=0 nrRead=0 nrPart=1 avg=7637
Timeout notAnswered=[0] notReady=[0] nrAns=0 nrRead=0 nrPart=1 avg=8084
Timeout notAnswered=[0] notReady=[0] nrAns=0 nrRead=0 nrPart=1 avg=7265
Timeout notAnswered=[0] notReady=[0] nrAns=0 nrRead=0 nrPart=1 avg=7368
bytes=142 688 000  re-xmits=0016595 ( 16.9%) slice=0112 -   0
Timeout notAnswered=[0] notReady=[0] nrAns=0 nrRead=0 nrPart=1 avg=6635
Timeout notAnswered=[0] notReady=[0] nrAns=0 nrRead=0 nrPart=1 avg=6056
Timeout notAnswered=[0] notReady=[0] nrAns=0 nrRead=0 nrPart=1 avg=6793
Timeout notAnswered=[0] notReady=[0] nrAns=0 nrRead=0 nrPart=1 avg=6704
bytes=143 340 288  re-xmits=0016595 ( 16.8%) slice=0112 -   0
Timeout notAnswered=[0] notReady=[0] nrAns=0 nrRead=0 nrPart=1 avg=6067
Timeout notAnswered=[0] notReady=[0] nrAns=0 nrRead=0 nrPart=1 avg=6778
Timeout notAnswered=[0] notReady=[0] nrAns=0 nrRead=0 nrPart=1 avg=6723
Timeout notAnswered=[0] notReady=[0] nrAns=0 nrRead=0 nrPart=1 avg=6714
bytes=143 992 576  re-xmits=0016595 ( 16.7%) slice=0112 -   0
Timeout notAnswered=[0] notReady=[0] nrAns=0 nrRead=0 nrPart=1 avg=6717
Timeout notAnswered=[0] notReady=[0] nrAns=0 nrRead=0 nrPart=1 avg=7440
Timeout notAnswered=[0] notReady=[0] nrAns=0 nrRead=0 nrPart=1 avg=6632
Timeout notAnswered=[0] notReady=[0] nrAns=0 nrRead=0 nrPart=1 avg=6065
bytes=144 644 864  re-xmits=0016595 ( 16.7%) slice=0112 -   0
Timeout notAnswered=[0] notReady=[0] nrAns=0 nrRead=0 nrPart=1 avg=7528
Timeout notAnswered=[0] notReady=[0] nrAns=0 nrRead=0 nrPart=1 avg=5983
Timeout notAnswered=[0] notReady=[0] nrAns=0 nrRead=0 nrPart=1 avg=6136
Timeout notAnswered=[0] notReady=[0] nrAns=0 nrRead=0 nrPart=1 avg=6790
bytes=145 297 152  re-xmits=0016595 ( 16.6%) slice=0112 -   0
Timeout notAnswered=[0] notReady=[0] nrAns=0 nrRead=0 nrPart=1 avg=6710
Timeout notAnswered=[0] notReady=[0] nrAns=0 nrRead=0 nrPart=1 avg=9729
Timeout notAnswered=[0] notReady=[0] nrAns=0 nrRead=0 nrPart=1 avg=11565
bytes=145 949 440  re-xmits=0016625 ( 16.5%) slice=0112 -   0
Timeout notAnswered=[0] notReady=[0] nrAns=0 nrRead=0 nrPart=1 avg=6908
Disconnecting #0 (130.85.86.220)
bytes=145 949 440  re-xmits=0016625 ( 16.5%) slice=0112 -   0
Transfer complete.

